Symlinking /home/mzx/Desktop/quad_ruped_ws/quadruped_robot_2023/devel/lib/libunitreeDrawForcePlugin.so
Symlinking /home/mzx/Desktop/quad_ruped_ws/quadruped_robot_2023/devel/lib/libunitreeFootContactPlugin.so
Symlinking /home/mzx/Desktop/quad_ruped_ws/quadruped_robot_2023/devel/lib/pkgconfig/dog_model.pc
Symlinking /home/mzx/Desktop/quad_ruped_ws/quadruped_robot_2023/devel/share/dog_model/cmake/dog_modelConfig.cmake
Symlinking /home/mzx/Desktop/quad_ruped_ws/quadruped_robot_2023/devel/share/dog_model/cmake/dog_modelConfig-version.cmake
Cleaning: (/home/guoyunkai/quadruped_robot_2023/devel/.private/dog_model/cmake.lock, /home/guoyunkai/quadruped_robot_2023/devel/./cmake.lock)
Cleaning: (/home/guoyunkai/quadruped_robot_2023/devel/.private/dog_model/lib/libunitreeDrawForcePlugin.so, /home/guoyunkai/quadruped_robot_2023/devel/lib/libunitreeDrawForcePlugin.so)
Cleaning: (/home/guoyunkai/quadruped_robot_2023/devel/.private/dog_model/lib/libunitreeFootContactPlugin.so, /home/guoyunkai/quadruped_robot_2023/devel/lib/libunitreeFootContactPlugin.so)
Cleaning: (/home/guoyunkai/quadruped_robot_2023/devel/.private/dog_model/lib/pkgconfig/dog_model.pc, /home/guoyunkai/quadruped_robot_2023/devel/lib/pkgconfig/dog_model.pc)
Cleaning: (/home/guoyunkai/quadruped_robot_2023/devel/.private/dog_model/share/dog_model/cmake/dog_modelConfig.cmake, /home/guoyunkai/quadruped_robot_2023/devel/share/dog_model/cmake/dog_modelConfig.cmake)
Cleaning: (/home/guoyunkai/quadruped_robot_2023/devel/.private/dog_model/share/dog_model/cmake/dog_modelConfig-version.cmake, /home/guoyunkai/quadruped_robot_2023/devel/share/dog_model/cmake/dog_modelConfig-version.cmake)
Unlinking: /home/guoyunkai/quadruped_robot_2023/devel/lib/libunitreeDrawForcePlugin.so
Already unlinked: {}
Unlinking: /home/guoyunkai/quadruped_robot_2023/devel/lib/libunitreeFootContactPlugin.so
Already unlinked: {}
Unlinking: /home/guoyunkai/quadruped_robot_2023/devel/lib/pkgconfig/dog_model.pc
Already unlinked: {}
Unlinking: /home/guoyunkai/quadruped_robot_2023/devel/share/dog_model/cmake/dog_modelConfig.cmake
Already unlinked: {}
Unlinking: /home/guoyunkai/quadruped_robot_2023/devel/share/dog_model/cmake/dog_modelConfig-version.cmake
Already unlinked: {}
