[  0%] Built target tf2_msgs_generate_messages_lisp
[  0%] Built target unitree_legged_msgs_generate_messages_py
[  0%] Built target unitree_legged_msgs_generate_messages_nodejs
[  0%] Built target unitree_legged_msgs_generate_messages_cpp
[  0%] Built target unitree_legged_msgs_generate_messages_eus
[  0%] Built target tf2_msgs_generate_messages_py
[  0%] Built target tf2_msgs_generate_messages_nodejs
[  0%] Built target sensor_msgs_generate_messages_nodejs
[  0%] Built target actionlib_generate_messages_lisp
[  0%] Built target sensor_msgs_generate_messages_cpp
[  0%] Built target std_msgs_generate_messages_py
[  0%] Built target std_msgs_generate_messages_nodejs
[  0%] Built target geometry_msgs_generate_messages_eus
[  0%] Built target std_msgs_generate_messages_cpp
[  0%] Built target tf2_msgs_generate_messages_cpp
[  0%] Built target roscpp_generate_messages_lisp
[  0%] Built target roscpp_generate_messages_py
[  0%] Built target rosgraph_msgs_generate_messages_nodejs
[  0%] Built target actionlib_generate_messages_cpp
[  0%] Built target actionlib_msgs_generate_messages_py
[  0%] Built target std_msgs_generate_messages_lisp
[  0%] Built target tf_generate_messages_eus
[  0%] Built target actionlib_msgs_generate_messages_eus
[  0%] Built target rosgraph_msgs_generate_messages_lisp
[  0%] Built target rosgraph_msgs_generate_messages_py
[  0%] Built target roscpp_generate_messages_cpp
[  0%] Built target sensor_msgs_generate_messages_eus
[  0%] Built target sensor_msgs_generate_messages_lisp
[  0%] Built target roscpp_generate_messages_eus
[  0%] Built target rosgraph_msgs_generate_messages_eus
[  0%] Built target roscpp_generate_messages_nodejs
[  0%] Built target tf2_msgs_generate_messages_eus
[  0%] Built target sensor_msgs_generate_messages_py
[  0%] Built target geometry_msgs_generate_messages_cpp
[  0%] Built target tf_generate_messages_cpp
[  0%] Built target geometry_msgs_generate_messages_lisp
[  0%] Built target geometry_msgs_generate_messages_py
[  0%] Built target geometry_msgs_generate_messages_nodejs
[  0%] Built target tf_generate_messages_lisp
[  0%] Built target tf_generate_messages_nodejs
[  0%] Built target rosgraph_msgs_generate_messages_cpp
[  0%] Built target actionlib_generate_messages_eus
[  0%] Built target actionlib_msgs_generate_messages_cpp
[  0%] Built target actionlib_generate_messages_nodejs
[  0%] Built target actionlib_generate_messages_py
[  0%] Built target std_msgs_generate_messages_eus
[  0%] Built target actionlib_msgs_generate_messages_nodejs
[  0%] Built target tf_generate_messages_py
[  0%] Built target unitree_legged_msgs_generate_messages_lisp
[  0%] Built target actionlib_msgs_generate_messages_lisp
[35m[1mScanning dependencies of target junior_ctrl[0m
[  3%] [32mBuilding CXX object CMakeFiles/junior_ctrl.dir/src/main.cpp.o[0m
[  7%] [32mBuilding CXX object CMakeFiles/junior_ctrl.dir/src/control/BalanceCtrl.cpp.o[0m
[ 11%] [32mBuilding CXX object CMakeFiles/junior_ctrl.dir/src/control/ControlFrame.cpp.o[0m
[ 14%] [32mBuilding CXX object CMakeFiles/junior_ctrl.dir/src/control/Estimator.cpp.o[0m
[ 18%] [32mBuilding CXX object CMakeFiles/junior_ctrl.dir/src/interface/IOROS.cpp.o[0m
[ 22%] [32mBuilding CXX object CMakeFiles/junior_ctrl.dir/src/interface/IOSDK.cpp.o[0m
[ 25%] [32mBuilding CXX object CMakeFiles/junior_ctrl.dir/src/interface/KeyBoard.cpp.o[0m
[ 29%] [32mBuilding CXX object CMakeFiles/junior_ctrl.dir/src/interface/WirelessHandle.cpp.o[0m
[ 33%] [32mBuilding CXX object CMakeFiles/junior_ctrl.dir/src/quadProgpp/Array.cc.o[0m
[ 37%] [32mBuilding CXX object CMakeFiles/junior_ctrl.dir/src/quadProgpp/QuadProg++.cc.o[0m
[ 40%] [32m[1mLinking CXX executable /home/mzx/Desktop/quad_ruped_ws/quadruped_robot_2023/devel/.private/unitree_guide/lib/unitree_guide/junior_ctrl[0m
[100%] Built target junior_ctrl
