[  0%] Built target unitree_legged_msgs_generate_messages_cpp
[  0%] Built target tf2_msgs_generate_messages_lisp
[  0%] Built target unitree_legged_msgs_generate_messages_eus
[  0%] Built target unitree_legged_msgs_generate_messages_py
[  0%] Built target unitree_legged_msgs_generate_messages_nodejs
[  0%] Built target tf2_msgs_generate_messages_nodejs
[  0%] Built target tf2_msgs_generate_messages_py
[  0%] Built target actionlib_generate_messages_lisp
[  0%] Built target sensor_msgs_generate_messages_cpp
[  0%] Built target sensor_msgs_generate_messages_nodejs
[  0%] Built target std_msgs_generate_messages_cpp
[  0%] Built target std_msgs_generate_messages_nodejs
[  0%] Built target geometry_msgs_generate_messages_eus
[  0%] Built target std_msgs_generate_messages_py
[  0%] Built target roscpp_generate_messages_lisp
[  0%] Built target roscpp_generate_messages_py
[  0%] Built target tf2_msgs_generate_messages_cpp
[  0%] Built target actionlib_generate_messages_cpp
[  0%] Built target rosgraph_msgs_generate_messages_nodejs
[  0%] Built target actionlib_msgs_generate_messages_py
[  0%] Built target std_msgs_generate_messages_lisp
[  0%] Built target tf_generate_messages_eus
[  0%] Built target rosgraph_msgs_generate_messages_lisp
[  0%] Built target rosgraph_msgs_generate_messages_py
[  0%] Built target roscpp_generate_messages_cpp
[  0%] Built target roscpp_generate_messages_eus
[  0%] Built target actionlib_msgs_generate_messages_eus
[  0%] Built target roscpp_generate_messages_nodejs
[  0%] Built target sensor_msgs_generate_messages_lisp
[  0%] Built target sensor_msgs_generate_messages_eus
[  0%] Built target rosgraph_msgs_generate_messages_eus
[  0%] Built target tf2_msgs_generate_messages_eus
[  0%] Built target geometry_msgs_generate_messages_lisp
[  0%] Built target geometry_msgs_generate_messages_cpp
[  0%] Built target sensor_msgs_generate_messages_py
[  0%] Built target geometry_msgs_generate_messages_nodejs
[  0%] Built target tf_generate_messages_cpp
[  0%] Built target geometry_msgs_generate_messages_py
[  0%] Built target tf_generate_messages_lisp
[  0%] Built target actionlib_generate_messages_nodejs
[  0%] Built target actionlib_generate_messages_eus
[  0%] Built target rosgraph_msgs_generate_messages_cpp
[  0%] Built target tf_generate_messages_nodejs
[  0%] Built target actionlib_msgs_generate_messages_cpp
[  0%] Built target actionlib_generate_messages_py
[  0%] Built target tf_generate_messages_py
[  0%] Built target std_msgs_generate_messages_eus
[  0%] Built target actionlib_msgs_generate_messages_lisp
[  0%] Built target actionlib_msgs_generate_messages_nodejs
[  0%] Built target unitree_legged_msgs_generate_messages_lisp
[  3%] [32mBuilding CXX object CMakeFiles/junior_ctrl.dir/src/main.cpp.o[0m
[  7%] [32mBuilding CXX object CMakeFiles/junior_ctrl.dir/src/FSM/State_Trotting.cpp.o[0m
[ 11%] [32mBuilding CXX object CMakeFiles/junior_ctrl.dir/src/FSM/State_SwingTest.cpp.o[0m
[ 14%] [32mBuilding CXX object CMakeFiles/junior_ctrl.dir/src/FSM/State_move_base.cpp.o[0m
[ 18%] [32mBuilding CXX object CMakeFiles/junior_ctrl.dir/src/Gait/FeetEndCal.cpp.o[0m
[ 22%] [32mBuilding CXX object CMakeFiles/junior_ctrl.dir/src/Gait/WaveGenerator.cpp.o[0m
[ 25%] [32mBuilding CXX object CMakeFiles/junior_ctrl.dir/src/Gait/GaitGenerator.cpp.o[0m
[ 29%] [32mBuilding CXX object CMakeFiles/junior_ctrl.dir/src/common/LowPassFilter.cpp.o[0m
[ 33%] [32mBuilding CXX object CMakeFiles/junior_ctrl.dir/src/common/unitreeLeg.cpp.o[0m
[ 37%] [32mBuilding CXX object CMakeFiles/junior_ctrl.dir/src/common/unitreeRobot.cpp.o[0m
In file included from [01m[K/home/mzx/Desktop/quad_ruped_ws/quadruped_robot_2023/src/unitree_guide/src/main.cpp:20[m[K:
[01m[K/home/mzx/Desktop/quad_ruped_ws/quadruped_robot_2023/src/unitree_guide/include/interface/IOROS.h:11:10:[m[K [01;31m[Kfatal error: [m[Kunitree_legged_msgs/LowCmd.h: No such file or directory
   11 | #include [01;31m[K"unitree_legged_msgs/LowCmd.h"[m[K
      |          [01;31m[K^~~~~~~~~~~~~~~~~~~~~~~~~~~~~~[m[K
compilation terminated.
make[2]: *** [CMakeFiles/junior_ctrl.dir/build.make:63: CMakeFiles/junior_ctrl.dir/src/main.cpp.o] Error 1
make[2]: *** Waiting for unfinished jobs....
make[1]: *** [CMakeFiles/Makefile2:1481: CMakeFiles/junior_ctrl.dir/all] Error 2
make: *** [Makefile:141: all] Error 2
