Not searching for unused variables given on the command line.
[36m--[0m The C compiler identification is GNU 9.4.0
[36m--[0m The CXX compiler identification is GNU 9.4.0
[36m--[0m Check for working C compiler: /usr/bin/cc
[36m--[0m Check for working C compiler: /usr/bin/cc -- works
[36m--[0m Detecting C compiler ABI info
[36m--[0m Detecting C compiler ABI info - done
[36m--[0m Detecting C compile features
[36m--[0m Detecting C compile features - done
[36m--[0m Check for working CXX compiler: /usr/bin/c++
[36m--[0m Check for working CXX compiler: /usr/bin/c++ -- works
[36m--[0m Detecting CXX compiler ABI info
[36m--[0m Detecting CXX compiler ABI info - done
[36m--[0m Detecting CXX compile features
[36m--[0m Detecting CXX compile features - done
[36m--[0m CMAKE_PREFIX_PATH:
[36m--[0m Using CATKIN_DEVEL_PREFIX: /home/mzx/Desktop/quad_ruped_ws/quadruped_robot_2023/devel/.private/mpc_ctrl
[36m--[0m Using CMAKE_PREFIX_PATH: /home/mzx/Desktop/quad_ruped_ws/quadruped_robot_2023/devel;/home/mzx/Desktop/unitree_ws/devel;/opt/ros/noetic
[36m--[0m This workspace overlays: /home/mzx/Desktop/quad_ruped_ws/quadruped_robot_2023/devel;/home/mzx/Desktop/unitree_ws/devel;/opt/ros/noetic
[36m--[0m Found PythonInterp: /usr/bin/python3 (found suitable version "3.8.10", minimum required is "3")
[36m--[0m Using PYTHON_EXECUTABLE: /usr/bin/python3
[36m--[0m Using Debian Python package layout
[36m--[0m Found PY_em: /usr/lib/python3/dist-packages/em.py
[36m--[0m Using empy: /usr/lib/python3/dist-packages/em.py
[36m--[0m Using CATKIN_ENABLE_TESTING: ON
[36m--[0m Call enable_testing()
[36m--[0m Using CATKIN_TEST_RESULTS_DIR: /home/mzx/Desktop/quad_ruped_ws/quadruped_robot_2023/build/mpc_ctrl/test_results
[36m--[0m Forcing gtest/gmock from source, though one was otherwise available.
[36m--[0m Found gtest sources under '/usr/src/googletest': gtests will be built
[36m--[0m Found gmock sources under '/usr/src/googletest': gmock will be built
[36m--[0m Found PythonInterp: /usr/bin/python3 (found version "3.8.10")
[36m--[0m Found Threads: TRUE
[36m--[0m Using Python nosetests: /usr/bin/nosetests3
[36m--[0m catkin 0.8.10
[36m--[0m BUILD_SHARED_LIBS is on
[31m[1mCMake Error[0m at /home/mzx/Desktop/quad_ruped_ws/quadruped_robot_2023/src/mpc_ctrl/CMakeLists.txt:20 (find_package):
  By not providing "FindOsqpEigen.cmake" in CMAKE_MODULE_PATH this project
  has asked CMake to find a package configuration file provided by
  "OsqpEigen", but CMake did not find one.

  Could not find a package configuration file provided by "OsqpEigen" with
  any of the following names:

    OsqpEigenConfig.cmake
    osqpeigen-config.cmake

  Add the installation prefix of "OsqpEigen" to CMAKE_PREFIX_PATH or set
  "OsqpEigen_DIR" to a directory containing one of the above files.  If
  "OsqpEigen" provides a separate development package or SDK, be sure it has
  been installed.


[36m--[0m Configuring incomplete, errors occurred!
See also "/home/mzx/Desktop/quad_ruped_ws/quadruped_robot_2023/build/mpc_ctrl/CMakeFiles/CMakeOutput.log".
See also "/home/mzx/Desktop/quad_ruped_ws/quadruped_robot_2023/build/mpc_ctrl/CMakeFiles/CMakeError.log".
