Linked: (/home/mzx/Desktop/quad_ruped_ws/quadruped_robot_2023/devel/.private/unitree_legged_msgs/lib/python3/dist-packages/unitree_legged_msgs/__init__.py, /home/mzx/Desktop/quad_ruped_ws/quadruped_robot_2023/devel/lib/python3/dist-packages/unitree_legged_msgs/__init__.py)
Linked: (/home/mzx/Desktop/quad_ruped_ws/quadruped_robot_2023/devel/.private/unitree_legged_msgs/lib/python3/dist-packages/unitree_legged_msgs/msg/__init__.py, /home/mzx/Desktop/quad_ruped_ws/quadruped_robot_2023/devel/lib/python3/dist-packages/unitree_legged_msgs/msg/__init__.py)
Linked: (/home/mzx/Desktop/quad_ruped_ws/quadruped_robot_2023/devel/.private/unitree_legged_msgs/lib/python3/dist-packages/unitree_legged_msgs/msg/_motordata.py, /home/mzx/Desktop/quad_ruped_ws/quadruped_robot_2023/devel/lib/python3/dist-packages/unitree_legged_msgs/msg/_motordata.py)
Linked: (/home/mzx/Desktop/quad_ruped_ws/quadruped_robot_2023/devel/.private/unitree_legged_msgs/lib/python3/dist-packages/unitree_legged_msgs/msg/_motorcmd.py, /home/mzx/Desktop/quad_ruped_ws/quadruped_robot_2023/devel/lib/python3/dist-packages/unitree_legged_msgs/msg/_motorcmd.py)
Linked: (/home/mzx/Desktop/quad_ruped_ws/quadruped_robot_2023/devel/.private/unitree_legged_msgs/lib/pkgconfig/unitree_legged_msgs.pc, /home/mzx/Desktop/quad_ruped_ws/quadruped_robot_2023/devel/lib/pkgconfig/unitree_legged_msgs.pc)
Linked: (/home/mzx/Desktop/quad_ruped_ws/quadruped_robot_2023/devel/.private/unitree_legged_msgs/include/unitree_legged_msgs/motordata.h, /home/mzx/Desktop/quad_ruped_ws/quadruped_robot_2023/devel/include/unitree_legged_msgs/motordata.h)
Linked: (/home/mzx/Desktop/quad_ruped_ws/quadruped_robot_2023/devel/.private/unitree_legged_msgs/include/unitree_legged_msgs/motorcmd.h, /home/mzx/Desktop/quad_ruped_ws/quadruped_robot_2023/devel/include/unitree_legged_msgs/motorcmd.h)
Linked: (/home/mzx/Desktop/quad_ruped_ws/quadruped_robot_2023/devel/.private/unitree_legged_msgs/share/gennodejs/ros/unitree_legged_msgs/_index.js, /home/mzx/Desktop/quad_ruped_ws/quadruped_robot_2023/devel/share/gennodejs/ros/unitree_legged_msgs/_index.js)
Linked: (/home/mzx/Desktop/quad_ruped_ws/quadruped_robot_2023/devel/.private/unitree_legged_msgs/share/gennodejs/ros/unitree_legged_msgs/msg/motorcmd.js, /home/mzx/Desktop/quad_ruped_ws/quadruped_robot_2023/devel/share/gennodejs/ros/unitree_legged_msgs/msg/motorcmd.js)
Linked: (/home/mzx/Desktop/quad_ruped_ws/quadruped_robot_2023/devel/.private/unitree_legged_msgs/share/gennodejs/ros/unitree_legged_msgs/msg/_index.js, /home/mzx/Desktop/quad_ruped_ws/quadruped_robot_2023/devel/share/gennodejs/ros/unitree_legged_msgs/msg/_index.js)
Linked: (/home/mzx/Desktop/quad_ruped_ws/quadruped_robot_2023/devel/.private/unitree_legged_msgs/share/gennodejs/ros/unitree_legged_msgs/msg/motordata.js, /home/mzx/Desktop/quad_ruped_ws/quadruped_robot_2023/devel/share/gennodejs/ros/unitree_legged_msgs/msg/motordata.js)
Linked: (/home/mzx/Desktop/quad_ruped_ws/quadruped_robot_2023/devel/.private/unitree_legged_msgs/share/common-lisp/ros/unitree_legged_msgs/msg/_package_motordata.lisp, /home/mzx/Desktop/quad_ruped_ws/quadruped_robot_2023/devel/share/common-lisp/ros/unitree_legged_msgs/msg/_package_motordata.lisp)
Linked: (/home/mzx/Desktop/quad_ruped_ws/quadruped_robot_2023/devel/.private/unitree_legged_msgs/share/common-lisp/ros/unitree_legged_msgs/msg/motorcmd.lisp, /home/mzx/Desktop/quad_ruped_ws/quadruped_robot_2023/devel/share/common-lisp/ros/unitree_legged_msgs/msg/motorcmd.lisp)
Linked: (/home/mzx/Desktop/quad_ruped_ws/quadruped_robot_2023/devel/.private/unitree_legged_msgs/share/common-lisp/ros/unitree_legged_msgs/msg/_package_motorcmd.lisp, /home/mzx/Desktop/quad_ruped_ws/quadruped_robot_2023/devel/share/common-lisp/ros/unitree_legged_msgs/msg/_package_motorcmd.lisp)
Linked: (/home/mzx/Desktop/quad_ruped_ws/quadruped_robot_2023/devel/.private/unitree_legged_msgs/share/common-lisp/ros/unitree_legged_msgs/msg/unitree_legged_msgs-msg.asd, /home/mzx/Desktop/quad_ruped_ws/quadruped_robot_2023/devel/share/common-lisp/ros/unitree_legged_msgs/msg/unitree_legged_msgs-msg.asd)
Linked: (/home/mzx/Desktop/quad_ruped_ws/quadruped_robot_2023/devel/.private/unitree_legged_msgs/share/common-lisp/ros/unitree_legged_msgs/msg/motordata.lisp, /home/mzx/Desktop/quad_ruped_ws/quadruped_robot_2023/devel/share/common-lisp/ros/unitree_legged_msgs/msg/motordata.lisp)
Linked: (/home/mzx/Desktop/quad_ruped_ws/quadruped_robot_2023/devel/.private/unitree_legged_msgs/share/common-lisp/ros/unitree_legged_msgs/msg/_package.lisp, /home/mzx/Desktop/quad_ruped_ws/quadruped_robot_2023/devel/share/common-lisp/ros/unitree_legged_msgs/msg/_package.lisp)
Linked: (/home/mzx/Desktop/quad_ruped_ws/quadruped_robot_2023/devel/.private/unitree_legged_msgs/share/roseus/ros/unitree_legged_msgs/manifest.l, /home/mzx/Desktop/quad_ruped_ws/quadruped_robot_2023/devel/share/roseus/ros/unitree_legged_msgs/manifest.l)
Linked: (/home/mzx/Desktop/quad_ruped_ws/quadruped_robot_2023/devel/.private/unitree_legged_msgs/share/roseus/ros/unitree_legged_msgs/msg/motorcmd.l, /home/mzx/Desktop/quad_ruped_ws/quadruped_robot_2023/devel/share/roseus/ros/unitree_legged_msgs/msg/motorcmd.l)
Linked: (/home/mzx/Desktop/quad_ruped_ws/quadruped_robot_2023/devel/.private/unitree_legged_msgs/share/roseus/ros/unitree_legged_msgs/msg/motordata.l, /home/mzx/Desktop/quad_ruped_ws/quadruped_robot_2023/devel/share/roseus/ros/unitree_legged_msgs/msg/motordata.l)
Linked: (/home/mzx/Desktop/quad_ruped_ws/quadruped_robot_2023/devel/.private/unitree_legged_msgs/share/unitree_legged_msgs/cmake/unitree_legged_msgsConfig.cmake, /home/mzx/Desktop/quad_ruped_ws/quadruped_robot_2023/devel/share/unitree_legged_msgs/cmake/unitree_legged_msgsConfig.cmake)
Linked: (/home/mzx/Desktop/quad_ruped_ws/quadruped_robot_2023/devel/.private/unitree_legged_msgs/share/unitree_legged_msgs/cmake/unitree_legged_msgs-msg-paths.cmake, /home/mzx/Desktop/quad_ruped_ws/quadruped_robot_2023/devel/share/unitree_legged_msgs/cmake/unitree_legged_msgs-msg-paths.cmake)
Linked: (/home/mzx/Desktop/quad_ruped_ws/quadruped_robot_2023/devel/.private/unitree_legged_msgs/share/unitree_legged_msgs/cmake/unitree_legged_msgs-msg-extras.cmake, /home/mzx/Desktop/quad_ruped_ws/quadruped_robot_2023/devel/share/unitree_legged_msgs/cmake/unitree_legged_msgs-msg-extras.cmake)
Linked: (/home/mzx/Desktop/quad_ruped_ws/quadruped_robot_2023/devel/.private/unitree_legged_msgs/share/unitree_legged_msgs/cmake/unitree_legged_msgsConfig-version.cmake, /home/mzx/Desktop/quad_ruped_ws/quadruped_robot_2023/devel/share/unitree_legged_msgs/cmake/unitree_legged_msgsConfig-version.cmake)
