Symlinking /home/mzx/Desktop/quad_ruped_ws/quadruped_robot_2023/devel/lib/python3/dist-packages/unitree_legged_msgs/__init__.py
Symlinking /home/mzx/Desktop/quad_ruped_ws/quadruped_robot_2023/devel/lib/python3/dist-packages/unitree_legged_msgs/msg/__init__.py
Symlinking /home/mzx/Desktop/quad_ruped_ws/quadruped_robot_2023/devel/lib/python3/dist-packages/unitree_legged_msgs/msg/_motordata.py
Symlinking /home/mzx/Desktop/quad_ruped_ws/quadruped_robot_2023/devel/lib/python3/dist-packages/unitree_legged_msgs/msg/_motorcmd.py
Symlinking /home/mzx/Desktop/quad_ruped_ws/quadruped_robot_2023/devel/lib/pkgconfig/unitree_legged_msgs.pc
Symlinking /home/mzx/Desktop/quad_ruped_ws/quadruped_robot_2023/devel/include/unitree_legged_msgs/motordata.h
Symlinking /home/mzx/Desktop/quad_ruped_ws/quadruped_robot_2023/devel/include/unitree_legged_msgs/motorcmd.h
Symlinking /home/mzx/Desktop/quad_ruped_ws/quadruped_robot_2023/devel/share/gennodejs/ros/unitree_legged_msgs/_index.js
Symlinking /home/mzx/Desktop/quad_ruped_ws/quadruped_robot_2023/devel/share/gennodejs/ros/unitree_legged_msgs/msg/motorcmd.js
Symlinking /home/mzx/Desktop/quad_ruped_ws/quadruped_robot_2023/devel/share/gennodejs/ros/unitree_legged_msgs/msg/_index.js
Symlinking /home/mzx/Desktop/quad_ruped_ws/quadruped_robot_2023/devel/share/gennodejs/ros/unitree_legged_msgs/msg/motordata.js
Symlinking /home/mzx/Desktop/quad_ruped_ws/quadruped_robot_2023/devel/share/common-lisp/ros/unitree_legged_msgs/msg/_package_motordata.lisp
Symlinking /home/mzx/Desktop/quad_ruped_ws/quadruped_robot_2023/devel/share/common-lisp/ros/unitree_legged_msgs/msg/motorcmd.lisp
Symlinking /home/mzx/Desktop/quad_ruped_ws/quadruped_robot_2023/devel/share/common-lisp/ros/unitree_legged_msgs/msg/_package_motorcmd.lisp
Symlinking /home/mzx/Desktop/quad_ruped_ws/quadruped_robot_2023/devel/share/common-lisp/ros/unitree_legged_msgs/msg/unitree_legged_msgs-msg.asd
Symlinking /home/mzx/Desktop/quad_ruped_ws/quadruped_robot_2023/devel/share/common-lisp/ros/unitree_legged_msgs/msg/motordata.lisp
Symlinking /home/mzx/Desktop/quad_ruped_ws/quadruped_robot_2023/devel/share/common-lisp/ros/unitree_legged_msgs/msg/_package.lisp
Symlinking /home/mzx/Desktop/quad_ruped_ws/quadruped_robot_2023/devel/share/roseus/ros/unitree_legged_msgs/manifest.l
Symlinking /home/mzx/Desktop/quad_ruped_ws/quadruped_robot_2023/devel/share/roseus/ros/unitree_legged_msgs/msg/motorcmd.l
Symlinking /home/mzx/Desktop/quad_ruped_ws/quadruped_robot_2023/devel/share/roseus/ros/unitree_legged_msgs/msg/motordata.l
Symlinking /home/mzx/Desktop/quad_ruped_ws/quadruped_robot_2023/devel/share/unitree_legged_msgs/cmake/unitree_legged_msgsConfig.cmake
Symlinking /home/mzx/Desktop/quad_ruped_ws/quadruped_robot_2023/devel/share/unitree_legged_msgs/cmake/unitree_legged_msgs-msg-paths.cmake
Symlinking /home/mzx/Desktop/quad_ruped_ws/quadruped_robot_2023/devel/share/unitree_legged_msgs/cmake/unitree_legged_msgs-msg-extras.cmake
Symlinking /home/mzx/Desktop/quad_ruped_ws/quadruped_robot_2023/devel/share/unitree_legged_msgs/cmake/unitree_legged_msgsConfig-version.cmake
Cleaning: (/home/guoyunkai/quadruped_robot_2023/devel/.private/unitree_legged_msgs/cmake.lock, /home/guoyunkai/quadruped_robot_2023/devel/./cmake.lock)
Cleaning: (/home/guoyunkai/quadruped_robot_2023/devel/.private/unitree_legged_msgs/lib/pkgconfig/unitree_legged_msgs.pc, /home/guoyunkai/quadruped_robot_2023/devel/lib/pkgconfig/unitree_legged_msgs.pc)
Cleaning: (/home/guoyunkai/quadruped_robot_2023/devel/.private/unitree_legged_msgs/lib/python3/dist-packages/unitree_legged_msgs/__init__.py, /home/guoyunkai/quadruped_robot_2023/devel/lib/python3/dist-packages/unitree_legged_msgs/__init__.py)
Cleaning: (/home/guoyunkai/quadruped_robot_2023/devel/.private/unitree_legged_msgs/lib/python3/dist-packages/unitree_legged_msgs/msg/_motorcmd.py, /home/guoyunkai/quadruped_robot_2023/devel/lib/python3/dist-packages/unitree_legged_msgs/msg/_motorcmd.py)
Cleaning: (/home/guoyunkai/quadruped_robot_2023/devel/.private/unitree_legged_msgs/lib/python3/dist-packages/unitree_legged_msgs/msg/_motordata.py, /home/guoyunkai/quadruped_robot_2023/devel/lib/python3/dist-packages/unitree_legged_msgs/msg/_motordata.py)
Cleaning: (/home/guoyunkai/quadruped_robot_2023/devel/.private/unitree_legged_msgs/lib/python3/dist-packages/unitree_legged_msgs/msg/__init__.py, /home/guoyunkai/quadruped_robot_2023/devel/lib/python3/dist-packages/unitree_legged_msgs/msg/__init__.py)
Cleaning: (/home/guoyunkai/quadruped_robot_2023/devel/.private/unitree_legged_msgs/include/unitree_legged_msgs/motorcmd.h, /home/guoyunkai/quadruped_robot_2023/devel/include/unitree_legged_msgs/motorcmd.h)
Cleaning: (/home/guoyunkai/quadruped_robot_2023/devel/.private/unitree_legged_msgs/include/unitree_legged_msgs/motordata.h, /home/guoyunkai/quadruped_robot_2023/devel/include/unitree_legged_msgs/motordata.h)
Cleaning: (/home/guoyunkai/quadruped_robot_2023/devel/.private/unitree_legged_msgs/share/roseus/ros/unitree_legged_msgs/manifest.l, /home/guoyunkai/quadruped_robot_2023/devel/share/roseus/ros/unitree_legged_msgs/manifest.l)
Cleaning: (/home/guoyunkai/quadruped_robot_2023/devel/.private/unitree_legged_msgs/share/roseus/ros/unitree_legged_msgs/msg/motordata.l, /home/guoyunkai/quadruped_robot_2023/devel/share/roseus/ros/unitree_legged_msgs/msg/motordata.l)
Cleaning: (/home/guoyunkai/quadruped_robot_2023/devel/.private/unitree_legged_msgs/share/roseus/ros/unitree_legged_msgs/msg/motorcmd.l, /home/guoyunkai/quadruped_robot_2023/devel/share/roseus/ros/unitree_legged_msgs/msg/motorcmd.l)
Cleaning: (/home/guoyunkai/quadruped_robot_2023/devel/.private/unitree_legged_msgs/share/common-lisp/ros/unitree_legged_msgs/msg/motorcmd.lisp, /home/guoyunkai/quadruped_robot_2023/devel/share/common-lisp/ros/unitree_legged_msgs/msg/motorcmd.lisp)
Cleaning: (/home/guoyunkai/quadruped_robot_2023/devel/.private/unitree_legged_msgs/share/common-lisp/ros/unitree_legged_msgs/msg/motordata.lisp, /home/guoyunkai/quadruped_robot_2023/devel/share/common-lisp/ros/unitree_legged_msgs/msg/motordata.lisp)
Cleaning: (/home/guoyunkai/quadruped_robot_2023/devel/.private/unitree_legged_msgs/share/common-lisp/ros/unitree_legged_msgs/msg/_package.lisp, /home/guoyunkai/quadruped_robot_2023/devel/share/common-lisp/ros/unitree_legged_msgs/msg/_package.lisp)
Cleaning: (/home/guoyunkai/quadruped_robot_2023/devel/.private/unitree_legged_msgs/share/common-lisp/ros/unitree_legged_msgs/msg/_package_motordata.lisp, /home/guoyunkai/quadruped_robot_2023/devel/share/common-lisp/ros/unitree_legged_msgs/msg/_package_motordata.lisp)
Cleaning: (/home/guoyunkai/quadruped_robot_2023/devel/.private/unitree_legged_msgs/share/common-lisp/ros/unitree_legged_msgs/msg/_package_motorcmd.lisp, /home/guoyunkai/quadruped_robot_2023/devel/share/common-lisp/ros/unitree_legged_msgs/msg/_package_motorcmd.lisp)
Cleaning: (/home/guoyunkai/quadruped_robot_2023/devel/.private/unitree_legged_msgs/share/common-lisp/ros/unitree_legged_msgs/msg/unitree_legged_msgs-msg.asd, /home/guoyunkai/quadruped_robot_2023/devel/share/common-lisp/ros/unitree_legged_msgs/msg/unitree_legged_msgs-msg.asd)
Cleaning: (/home/guoyunkai/quadruped_robot_2023/devel/.private/unitree_legged_msgs/share/gennodejs/ros/unitree_legged_msgs/_index.js, /home/guoyunkai/quadruped_robot_2023/devel/share/gennodejs/ros/unitree_legged_msgs/_index.js)
Cleaning: (/home/guoyunkai/quadruped_robot_2023/devel/.private/unitree_legged_msgs/share/gennodejs/ros/unitree_legged_msgs/msg/motorcmd.js, /home/guoyunkai/quadruped_robot_2023/devel/share/gennodejs/ros/unitree_legged_msgs/msg/motorcmd.js)
Cleaning: (/home/guoyunkai/quadruped_robot_2023/devel/.private/unitree_legged_msgs/share/gennodejs/ros/unitree_legged_msgs/msg/_index.js, /home/guoyunkai/quadruped_robot_2023/devel/share/gennodejs/ros/unitree_legged_msgs/msg/_index.js)
Cleaning: (/home/guoyunkai/quadruped_robot_2023/devel/.private/unitree_legged_msgs/share/gennodejs/ros/unitree_legged_msgs/msg/motordata.js, /home/guoyunkai/quadruped_robot_2023/devel/share/gennodejs/ros/unitree_legged_msgs/msg/motordata.js)
Cleaning: (/home/guoyunkai/quadruped_robot_2023/devel/.private/unitree_legged_msgs/share/unitree_legged_msgs/cmake/unitree_legged_msgs-msg-extras.cmake, /home/guoyunkai/quadruped_robot_2023/devel/share/unitree_legged_msgs/cmake/unitree_legged_msgs-msg-extras.cmake)
Cleaning: (/home/guoyunkai/quadruped_robot_2023/devel/.private/unitree_legged_msgs/share/unitree_legged_msgs/cmake/unitree_legged_msgsConfig.cmake, /home/guoyunkai/quadruped_robot_2023/devel/share/unitree_legged_msgs/cmake/unitree_legged_msgsConfig.cmake)
Cleaning: (/home/guoyunkai/quadruped_robot_2023/devel/.private/unitree_legged_msgs/share/unitree_legged_msgs/cmake/unitree_legged_msgs-msg-paths.cmake, /home/guoyunkai/quadruped_robot_2023/devel/share/unitree_legged_msgs/cmake/unitree_legged_msgs-msg-paths.cmake)
Cleaning: (/home/guoyunkai/quadruped_robot_2023/devel/.private/unitree_legged_msgs/share/unitree_legged_msgs/cmake/unitree_legged_msgsConfig-version.cmake, /home/guoyunkai/quadruped_robot_2023/devel/share/unitree_legged_msgs/cmake/unitree_legged_msgsConfig-version.cmake)
Unlinking: /home/guoyunkai/quadruped_robot_2023/devel/lib/pkgconfig/unitree_legged_msgs.pc
Already unlinked: {}
Unlinking: /home/guoyunkai/quadruped_robot_2023/devel/lib/python3/dist-packages/unitree_legged_msgs/__init__.py
Already unlinked: {}
Unlinking: /home/guoyunkai/quadruped_robot_2023/devel/lib/python3/dist-packages/unitree_legged_msgs/msg/_motorcmd.py
Already unlinked: {}
Unlinking: /home/guoyunkai/quadruped_robot_2023/devel/lib/python3/dist-packages/unitree_legged_msgs/msg/_motordata.py
Already unlinked: {}
Unlinking: /home/guoyunkai/quadruped_robot_2023/devel/lib/python3/dist-packages/unitree_legged_msgs/msg/__init__.py
Already unlinked: {}
Unlinking: /home/guoyunkai/quadruped_robot_2023/devel/include/unitree_legged_msgs/motorcmd.h
Already unlinked: {}
Unlinking: /home/guoyunkai/quadruped_robot_2023/devel/include/unitree_legged_msgs/motordata.h
Already unlinked: {}
Unlinking: /home/guoyunkai/quadruped_robot_2023/devel/share/roseus/ros/unitree_legged_msgs/manifest.l
Already unlinked: {}
Unlinking: /home/guoyunkai/quadruped_robot_2023/devel/share/roseus/ros/unitree_legged_msgs/msg/motordata.l
Already unlinked: {}
Unlinking: /home/guoyunkai/quadruped_robot_2023/devel/share/roseus/ros/unitree_legged_msgs/msg/motorcmd.l
Already unlinked: {}
Unlinking: /home/guoyunkai/quadruped_robot_2023/devel/share/common-lisp/ros/unitree_legged_msgs/msg/motorcmd.lisp
Already unlinked: {}
Unlinking: /home/guoyunkai/quadruped_robot_2023/devel/share/common-lisp/ros/unitree_legged_msgs/msg/motordata.lisp
Already unlinked: {}
Unlinking: /home/guoyunkai/quadruped_robot_2023/devel/share/common-lisp/ros/unitree_legged_msgs/msg/_package.lisp
Already unlinked: {}
Unlinking: /home/guoyunkai/quadruped_robot_2023/devel/share/common-lisp/ros/unitree_legged_msgs/msg/_package_motordata.lisp
Already unlinked: {}
Unlinking: /home/guoyunkai/quadruped_robot_2023/devel/share/common-lisp/ros/unitree_legged_msgs/msg/_package_motorcmd.lisp
Already unlinked: {}
Unlinking: /home/guoyunkai/quadruped_robot_2023/devel/share/common-lisp/ros/unitree_legged_msgs/msg/unitree_legged_msgs-msg.asd
Already unlinked: {}
Unlinking: /home/guoyunkai/quadruped_robot_2023/devel/share/gennodejs/ros/unitree_legged_msgs/_index.js
Already unlinked: {}
Unlinking: /home/guoyunkai/quadruped_robot_2023/devel/share/gennodejs/ros/unitree_legged_msgs/msg/motorcmd.js
Already unlinked: {}
Unlinking: /home/guoyunkai/quadruped_robot_2023/devel/share/gennodejs/ros/unitree_legged_msgs/msg/_index.js
Already unlinked: {}
Unlinking: /home/guoyunkai/quadruped_robot_2023/devel/share/gennodejs/ros/unitree_legged_msgs/msg/motordata.js
Already unlinked: {}
Unlinking: /home/guoyunkai/quadruped_robot_2023/devel/share/unitree_legged_msgs/cmake/unitree_legged_msgs-msg-extras.cmake
Already unlinked: {}
Unlinking: /home/guoyunkai/quadruped_robot_2023/devel/share/unitree_legged_msgs/cmake/unitree_legged_msgsConfig.cmake
Already unlinked: {}
Unlinking: /home/guoyunkai/quadruped_robot_2023/devel/share/unitree_legged_msgs/cmake/unitree_legged_msgs-msg-paths.cmake
Already unlinked: {}
Unlinking: /home/guoyunkai/quadruped_robot_2023/devel/share/unitree_legged_msgs/cmake/unitree_legged_msgsConfig-version.cmake
Already unlinked: {}
