Linked: (/home/mzx/Desktop/quad_ruped_ws/quadruped_robot_2023/devel/.private/unitree_legged_msgs/lib/python3/dist-packages/unitree_legged_msgs/__init__.py, /home/mzx/Desktop/quad_ruped_ws/quadruped_robot_2023/devel/lib/python3/dist-packages/unitree_legged_msgs/__init__.py)
Symlinking /home/mzx/Desktop/quad_ruped_ws/quadruped_robot_2023/devel/lib/python3/dist-packages/unitree_legged_msgs/msg/_BmsCmd.py
Symlinking /home/mzx/Desktop/quad_ruped_ws/quadruped_robot_2023/devel/lib/python3/dist-packages/unitree_legged_msgs/msg/_LED.py
Symlinking /home/mzx/Desktop/quad_ruped_ws/quadruped_robot_2023/devel/lib/python3/dist-packages/unitree_legged_msgs/msg/_MotorCmd.py
Symlinking /home/mzx/Desktop/quad_ruped_ws/quadruped_robot_2023/devel/lib/python3/dist-packages/unitree_legged_msgs/msg/_Cartesian.py
Linked: (/home/mzx/Desktop/quad_ruped_ws/quadruped_robot_2023/devel/.private/unitree_legged_msgs/lib/python3/dist-packages/unitree_legged_msgs/msg/__init__.py, /home/mzx/Desktop/quad_ruped_ws/quadruped_robot_2023/devel/lib/python3/dist-packages/unitree_legged_msgs/msg/__init__.py)
Linked: (/home/mzx/Desktop/quad_ruped_ws/quadruped_robot_2023/devel/.private/unitree_legged_msgs/lib/python3/dist-packages/unitree_legged_msgs/msg/_motordata.py, /home/mzx/Desktop/quad_ruped_ws/quadruped_robot_2023/devel/lib/python3/dist-packages/unitree_legged_msgs/msg/_motordata.py)
Symlinking /home/mzx/Desktop/quad_ruped_ws/quadruped_robot_2023/devel/lib/python3/dist-packages/unitree_legged_msgs/msg/_MotorState.py
Symlinking /home/mzx/Desktop/quad_ruped_ws/quadruped_robot_2023/devel/lib/python3/dist-packages/unitree_legged_msgs/msg/_downstream.py
Linked: (/home/mzx/Desktop/quad_ruped_ws/quadruped_robot_2023/devel/.private/unitree_legged_msgs/lib/python3/dist-packages/unitree_legged_msgs/msg/_motorcmd.py, /home/mzx/Desktop/quad_ruped_ws/quadruped_robot_2023/devel/lib/python3/dist-packages/unitree_legged_msgs/msg/_motorcmd.py)
Symlinking /home/mzx/Desktop/quad_ruped_ws/quadruped_robot_2023/devel/lib/python3/dist-packages/unitree_legged_msgs/msg/_LowCmd.py
Symlinking /home/mzx/Desktop/quad_ruped_ws/quadruped_robot_2023/devel/lib/python3/dist-packages/unitree_legged_msgs/msg/_HighCmd.py
Symlinking /home/mzx/Desktop/quad_ruped_ws/quadruped_robot_2023/devel/lib/python3/dist-packages/unitree_legged_msgs/msg/_upstream.py
Symlinking /home/mzx/Desktop/quad_ruped_ws/quadruped_robot_2023/devel/lib/python3/dist-packages/unitree_legged_msgs/msg/_LowState.py
Symlinking /home/mzx/Desktop/quad_ruped_ws/quadruped_robot_2023/devel/lib/python3/dist-packages/unitree_legged_msgs/msg/_HighState.py
Symlinking /home/mzx/Desktop/quad_ruped_ws/quadruped_robot_2023/devel/lib/python3/dist-packages/unitree_legged_msgs/msg/_BmsState.py
Symlinking /home/mzx/Desktop/quad_ruped_ws/quadruped_robot_2023/devel/lib/python3/dist-packages/unitree_legged_msgs/msg/_IMU.py
Linked: (/home/mzx/Desktop/quad_ruped_ws/quadruped_robot_2023/devel/.private/unitree_legged_msgs/lib/pkgconfig/unitree_legged_msgs.pc, /home/mzx/Desktop/quad_ruped_ws/quadruped_robot_2023/devel/lib/pkgconfig/unitree_legged_msgs.pc)
Symlinking /home/mzx/Desktop/quad_ruped_ws/quadruped_robot_2023/devel/include/unitree_legged_msgs/BmsState.h
Symlinking /home/mzx/Desktop/quad_ruped_ws/quadruped_robot_2023/devel/include/unitree_legged_msgs/upstream.h
Symlinking /home/mzx/Desktop/quad_ruped_ws/quadruped_robot_2023/devel/include/unitree_legged_msgs/LowCmd.h
Symlinking /home/mzx/Desktop/quad_ruped_ws/quadruped_robot_2023/devel/include/unitree_legged_msgs/HighCmd.h
Symlinking /home/mzx/Desktop/quad_ruped_ws/quadruped_robot_2023/devel/include/unitree_legged_msgs/downstream.h
Symlinking /home/mzx/Desktop/quad_ruped_ws/quadruped_robot_2023/devel/include/unitree_legged_msgs/LED.h
Symlinking /home/mzx/Desktop/quad_ruped_ws/quadruped_robot_2023/devel/include/unitree_legged_msgs/MotorCmd.h
Symlinking /home/mzx/Desktop/quad_ruped_ws/quadruped_robot_2023/devel/include/unitree_legged_msgs/IMU.h
Symlinking /home/mzx/Desktop/quad_ruped_ws/quadruped_robot_2023/devel/include/unitree_legged_msgs/LowState.h
Symlinking /home/mzx/Desktop/quad_ruped_ws/quadruped_robot_2023/devel/include/unitree_legged_msgs/HighState.h
Symlinking /home/mzx/Desktop/quad_ruped_ws/quadruped_robot_2023/devel/include/unitree_legged_msgs/MotorState.h
Symlinking /home/mzx/Desktop/quad_ruped_ws/quadruped_robot_2023/devel/include/unitree_legged_msgs/Cartesian.h
Linked: (/home/mzx/Desktop/quad_ruped_ws/quadruped_robot_2023/devel/.private/unitree_legged_msgs/include/unitree_legged_msgs/motordata.h, /home/mzx/Desktop/quad_ruped_ws/quadruped_robot_2023/devel/include/unitree_legged_msgs/motordata.h)
Linked: (/home/mzx/Desktop/quad_ruped_ws/quadruped_robot_2023/devel/.private/unitree_legged_msgs/include/unitree_legged_msgs/motorcmd.h, /home/mzx/Desktop/quad_ruped_ws/quadruped_robot_2023/devel/include/unitree_legged_msgs/motorcmd.h)
Symlinking /home/mzx/Desktop/quad_ruped_ws/quadruped_robot_2023/devel/include/unitree_legged_msgs/BmsCmd.h
Linked: (/home/mzx/Desktop/quad_ruped_ws/quadruped_robot_2023/devel/.private/unitree_legged_msgs/share/gennodejs/ros/unitree_legged_msgs/_index.js, /home/mzx/Desktop/quad_ruped_ws/quadruped_robot_2023/devel/share/gennodejs/ros/unitree_legged_msgs/_index.js)
Symlinking /home/mzx/Desktop/quad_ruped_ws/quadruped_robot_2023/devel/share/gennodejs/ros/unitree_legged_msgs/msg/LED.js
Linked: (/home/mzx/Desktop/quad_ruped_ws/quadruped_robot_2023/devel/.private/unitree_legged_msgs/share/gennodejs/ros/unitree_legged_msgs/msg/motorcmd.js, /home/mzx/Desktop/quad_ruped_ws/quadruped_robot_2023/devel/share/gennodejs/ros/unitree_legged_msgs/msg/motorcmd.js)
Symlinking /home/mzx/Desktop/quad_ruped_ws/quadruped_robot_2023/devel/share/gennodejs/ros/unitree_legged_msgs/msg/IMU.js
Symlinking /home/mzx/Desktop/quad_ruped_ws/quadruped_robot_2023/devel/share/gennodejs/ros/unitree_legged_msgs/msg/MotorCmd.js
Symlinking /home/mzx/Desktop/quad_ruped_ws/quadruped_robot_2023/devel/share/gennodejs/ros/unitree_legged_msgs/msg/HighCmd.js
Symlinking /home/mzx/Desktop/quad_ruped_ws/quadruped_robot_2023/devel/share/gennodejs/ros/unitree_legged_msgs/msg/MotorState.js
Symlinking /home/mzx/Desktop/quad_ruped_ws/quadruped_robot_2023/devel/share/gennodejs/ros/unitree_legged_msgs/msg/BmsCmd.js
Symlinking /home/mzx/Desktop/quad_ruped_ws/quadruped_robot_2023/devel/share/gennodejs/ros/unitree_legged_msgs/msg/downstream.js
Linked: (/home/mzx/Desktop/quad_ruped_ws/quadruped_robot_2023/devel/.private/unitree_legged_msgs/share/gennodejs/ros/unitree_legged_msgs/msg/_index.js, /home/mzx/Desktop/quad_ruped_ws/quadruped_robot_2023/devel/share/gennodejs/ros/unitree_legged_msgs/msg/_index.js)
Symlinking /home/mzx/Desktop/quad_ruped_ws/quadruped_robot_2023/devel/share/gennodejs/ros/unitree_legged_msgs/msg/HighState.js
Symlinking /home/mzx/Desktop/quad_ruped_ws/quadruped_robot_2023/devel/share/gennodejs/ros/unitree_legged_msgs/msg/Cartesian.js
Symlinking /home/mzx/Desktop/quad_ruped_ws/quadruped_robot_2023/devel/share/gennodejs/ros/unitree_legged_msgs/msg/LowState.js
Symlinking /home/mzx/Desktop/quad_ruped_ws/quadruped_robot_2023/devel/share/gennodejs/ros/unitree_legged_msgs/msg/BmsState.js
Linked: (/home/mzx/Desktop/quad_ruped_ws/quadruped_robot_2023/devel/.private/unitree_legged_msgs/share/gennodejs/ros/unitree_legged_msgs/msg/motordata.js, /home/mzx/Desktop/quad_ruped_ws/quadruped_robot_2023/devel/share/gennodejs/ros/unitree_legged_msgs/msg/motordata.js)
Symlinking /home/mzx/Desktop/quad_ruped_ws/quadruped_robot_2023/devel/share/gennodejs/ros/unitree_legged_msgs/msg/LowCmd.js
Symlinking /home/mzx/Desktop/quad_ruped_ws/quadruped_robot_2023/devel/share/gennodejs/ros/unitree_legged_msgs/msg/upstream.js
Linked: (/home/mzx/Desktop/quad_ruped_ws/quadruped_robot_2023/devel/.private/unitree_legged_msgs/share/common-lisp/ros/unitree_legged_msgs/msg/_package_motordata.lisp, /home/mzx/Desktop/quad_ruped_ws/quadruped_robot_2023/devel/share/common-lisp/ros/unitree_legged_msgs/msg/_package_motordata.lisp)
Symlinking /home/mzx/Desktop/quad_ruped_ws/quadruped_robot_2023/devel/share/common-lisp/ros/unitree_legged_msgs/msg/_package_LED.lisp
Symlinking /home/mzx/Desktop/quad_ruped_ws/quadruped_robot_2023/devel/share/common-lisp/ros/unitree_legged_msgs/msg/Cartesian.lisp
Symlinking /home/mzx/Desktop/quad_ruped_ws/quadruped_robot_2023/devel/share/common-lisp/ros/unitree_legged_msgs/msg/_package_LowState.lisp
Symlinking /home/mzx/Desktop/quad_ruped_ws/quadruped_robot_2023/devel/share/common-lisp/ros/unitree_legged_msgs/msg/BmsCmd.lisp
Symlinking /home/mzx/Desktop/quad_ruped_ws/quadruped_robot_2023/devel/share/common-lisp/ros/unitree_legged_msgs/msg/_package_MotorCmd.lisp
Linked: (/home/mzx/Desktop/quad_ruped_ws/quadruped_robot_2023/devel/.private/unitree_legged_msgs/share/common-lisp/ros/unitree_legged_msgs/msg/motorcmd.lisp, /home/mzx/Desktop/quad_ruped_ws/quadruped_robot_2023/devel/share/common-lisp/ros/unitree_legged_msgs/msg/motorcmd.lisp)
Symlinking /home/mzx/Desktop/quad_ruped_ws/quadruped_robot_2023/devel/share/common-lisp/ros/unitree_legged_msgs/msg/_package_upstream.lisp
Symlinking /home/mzx/Desktop/quad_ruped_ws/quadruped_robot_2023/devel/share/common-lisp/ros/unitree_legged_msgs/msg/_package_IMU.lisp
Linked: (/home/mzx/Desktop/quad_ruped_ws/quadruped_robot_2023/devel/.private/unitree_legged_msgs/share/common-lisp/ros/unitree_legged_msgs/msg/_package_motorcmd.lisp, /home/mzx/Desktop/quad_ruped_ws/quadruped_robot_2023/devel/share/common-lisp/ros/unitree_legged_msgs/msg/_package_motorcmd.lisp)
Symlinking /home/mzx/Desktop/quad_ruped_ws/quadruped_robot_2023/devel/share/common-lisp/ros/unitree_legged_msgs/msg/LED.lisp
Linked: (/home/mzx/Desktop/quad_ruped_ws/quadruped_robot_2023/devel/.private/unitree_legged_msgs/share/common-lisp/ros/unitree_legged_msgs/msg/unitree_legged_msgs-msg.asd, /home/mzx/Desktop/quad_ruped_ws/quadruped_robot_2023/devel/share/common-lisp/ros/unitree_legged_msgs/msg/unitree_legged_msgs-msg.asd)
Symlinking /home/mzx/Desktop/quad_ruped_ws/quadruped_robot_2023/devel/share/common-lisp/ros/unitree_legged_msgs/msg/_package_LowCmd.lisp
Symlinking /home/mzx/Desktop/quad_ruped_ws/quadruped_robot_2023/devel/share/common-lisp/ros/unitree_legged_msgs/msg/_package_HighCmd.lisp
Symlinking /home/mzx/Desktop/quad_ruped_ws/quadruped_robot_2023/devel/share/common-lisp/ros/unitree_legged_msgs/msg/HighCmd.lisp
Symlinking /home/mzx/Desktop/quad_ruped_ws/quadruped_robot_2023/devel/share/common-lisp/ros/unitree_legged_msgs/msg/LowCmd.lisp
Symlinking /home/mzx/Desktop/quad_ruped_ws/quadruped_robot_2023/devel/share/common-lisp/ros/unitree_legged_msgs/msg/downstream.lisp
Symlinking /home/mzx/Desktop/quad_ruped_ws/quadruped_robot_2023/devel/share/common-lisp/ros/unitree_legged_msgs/msg/upstream.lisp
Linked: (/home/mzx/Desktop/quad_ruped_ws/quadruped_robot_2023/devel/.private/unitree_legged_msgs/share/common-lisp/ros/unitree_legged_msgs/msg/motordata.lisp, /home/mzx/Desktop/quad_ruped_ws/quadruped_robot_2023/devel/share/common-lisp/ros/unitree_legged_msgs/msg/motordata.lisp)
Symlinking /home/mzx/Desktop/quad_ruped_ws/quadruped_robot_2023/devel/share/common-lisp/ros/unitree_legged_msgs/msg/_package_Cartesian.lisp
Linked: (/home/mzx/Desktop/quad_ruped_ws/quadruped_robot_2023/devel/.private/unitree_legged_msgs/share/common-lisp/ros/unitree_legged_msgs/msg/_package.lisp, /home/mzx/Desktop/quad_ruped_ws/quadruped_robot_2023/devel/share/common-lisp/ros/unitree_legged_msgs/msg/_package.lisp)
Symlinking /home/mzx/Desktop/quad_ruped_ws/quadruped_robot_2023/devel/share/common-lisp/ros/unitree_legged_msgs/msg/LowState.lisp
Symlinking /home/mzx/Desktop/quad_ruped_ws/quadruped_robot_2023/devel/share/common-lisp/ros/unitree_legged_msgs/msg/MotorState.lisp
Symlinking /home/mzx/Desktop/quad_ruped_ws/quadruped_robot_2023/devel/share/common-lisp/ros/unitree_legged_msgs/msg/MotorCmd.lisp
Symlinking /home/mzx/Desktop/quad_ruped_ws/quadruped_robot_2023/devel/share/common-lisp/ros/unitree_legged_msgs/msg/BmsState.lisp
Symlinking /home/mzx/Desktop/quad_ruped_ws/quadruped_robot_2023/devel/share/common-lisp/ros/unitree_legged_msgs/msg/IMU.lisp
Symlinking /home/mzx/Desktop/quad_ruped_ws/quadruped_robot_2023/devel/share/common-lisp/ros/unitree_legged_msgs/msg/_package_HighState.lisp
Symlinking /home/mzx/Desktop/quad_ruped_ws/quadruped_robot_2023/devel/share/common-lisp/ros/unitree_legged_msgs/msg/_package_BmsCmd.lisp
Symlinking /home/mzx/Desktop/quad_ruped_ws/quadruped_robot_2023/devel/share/common-lisp/ros/unitree_legged_msgs/msg/HighState.lisp
Symlinking /home/mzx/Desktop/quad_ruped_ws/quadruped_robot_2023/devel/share/common-lisp/ros/unitree_legged_msgs/msg/_package_MotorState.lisp
Symlinking /home/mzx/Desktop/quad_ruped_ws/quadruped_robot_2023/devel/share/common-lisp/ros/unitree_legged_msgs/msg/_package_downstream.lisp
Symlinking /home/mzx/Desktop/quad_ruped_ws/quadruped_robot_2023/devel/share/common-lisp/ros/unitree_legged_msgs/msg/_package_BmsState.lisp
Linked: (/home/mzx/Desktop/quad_ruped_ws/quadruped_robot_2023/devel/.private/unitree_legged_msgs/share/roseus/ros/unitree_legged_msgs/manifest.l, /home/mzx/Desktop/quad_ruped_ws/quadruped_robot_2023/devel/share/roseus/ros/unitree_legged_msgs/manifest.l)
Symlinking /home/mzx/Desktop/quad_ruped_ws/quadruped_robot_2023/devel/share/roseus/ros/unitree_legged_msgs/msg/MotorState.l
Linked: (/home/mzx/Desktop/quad_ruped_ws/quadruped_robot_2023/devel/.private/unitree_legged_msgs/share/roseus/ros/unitree_legged_msgs/msg/motorcmd.l, /home/mzx/Desktop/quad_ruped_ws/quadruped_robot_2023/devel/share/roseus/ros/unitree_legged_msgs/msg/motorcmd.l)
Symlinking /home/mzx/Desktop/quad_ruped_ws/quadruped_robot_2023/devel/share/roseus/ros/unitree_legged_msgs/msg/Cartesian.l
Symlinking /home/mzx/Desktop/quad_ruped_ws/quadruped_robot_2023/devel/share/roseus/ros/unitree_legged_msgs/msg/BmsCmd.l
Symlinking /home/mzx/Desktop/quad_ruped_ws/quadruped_robot_2023/devel/share/roseus/ros/unitree_legged_msgs/msg/LowState.l
Symlinking /home/mzx/Desktop/quad_ruped_ws/quadruped_robot_2023/devel/share/roseus/ros/unitree_legged_msgs/msg/MotorCmd.l
Symlinking /home/mzx/Desktop/quad_ruped_ws/quadruped_robot_2023/devel/share/roseus/ros/unitree_legged_msgs/msg/HighCmd.l
Linked: (/home/mzx/Desktop/quad_ruped_ws/quadruped_robot_2023/devel/.private/unitree_legged_msgs/share/roseus/ros/unitree_legged_msgs/msg/motordata.l, /home/mzx/Desktop/quad_ruped_ws/quadruped_robot_2023/devel/share/roseus/ros/unitree_legged_msgs/msg/motordata.l)
Symlinking /home/mzx/Desktop/quad_ruped_ws/quadruped_robot_2023/devel/share/roseus/ros/unitree_legged_msgs/msg/IMU.l
Symlinking /home/mzx/Desktop/quad_ruped_ws/quadruped_robot_2023/devel/share/roseus/ros/unitree_legged_msgs/msg/HighState.l
Symlinking /home/mzx/Desktop/quad_ruped_ws/quadruped_robot_2023/devel/share/roseus/ros/unitree_legged_msgs/msg/upstream.l
Symlinking /home/mzx/Desktop/quad_ruped_ws/quadruped_robot_2023/devel/share/roseus/ros/unitree_legged_msgs/msg/BmsState.l
Symlinking /home/mzx/Desktop/quad_ruped_ws/quadruped_robot_2023/devel/share/roseus/ros/unitree_legged_msgs/msg/LowCmd.l
Symlinking /home/mzx/Desktop/quad_ruped_ws/quadruped_robot_2023/devel/share/roseus/ros/unitree_legged_msgs/msg/LED.l
Symlinking /home/mzx/Desktop/quad_ruped_ws/quadruped_robot_2023/devel/share/roseus/ros/unitree_legged_msgs/msg/downstream.l
Linked: (/home/mzx/Desktop/quad_ruped_ws/quadruped_robot_2023/devel/.private/unitree_legged_msgs/share/unitree_legged_msgs/cmake/unitree_legged_msgsConfig.cmake, /home/mzx/Desktop/quad_ruped_ws/quadruped_robot_2023/devel/share/unitree_legged_msgs/cmake/unitree_legged_msgsConfig.cmake)
Linked: (/home/mzx/Desktop/quad_ruped_ws/quadruped_robot_2023/devel/.private/unitree_legged_msgs/share/unitree_legged_msgs/cmake/unitree_legged_msgs-msg-paths.cmake, /home/mzx/Desktop/quad_ruped_ws/quadruped_robot_2023/devel/share/unitree_legged_msgs/cmake/unitree_legged_msgs-msg-paths.cmake)
Linked: (/home/mzx/Desktop/quad_ruped_ws/quadruped_robot_2023/devel/.private/unitree_legged_msgs/share/unitree_legged_msgs/cmake/unitree_legged_msgs-msg-extras.cmake, /home/mzx/Desktop/quad_ruped_ws/quadruped_robot_2023/devel/share/unitree_legged_msgs/cmake/unitree_legged_msgs-msg-extras.cmake)
Linked: (/home/mzx/Desktop/quad_ruped_ws/quadruped_robot_2023/devel/.private/unitree_legged_msgs/share/unitree_legged_msgs/cmake/unitree_legged_msgsConfig-version.cmake, /home/mzx/Desktop/quad_ruped_ws/quadruped_robot_2023/devel/share/unitree_legged_msgs/cmake/unitree_legged_msgsConfig-version.cmake)
