[35m[1mScanning dependencies of target _unitree_legged_msgs_generate_messages_check_deps_motorcmd[0m
[35m[1mScanning dependencies of target std_msgs_generate_messages_lisp[0m
[35m[1mScanning dependencies of target sensor_msgs_generate_messages_lisp[0m
[35m[1mScanning dependencies of target std_msgs_generate_messages_py[0m
[35m[1mScanning dependencies of target geometry_msgs_generate_messages_lisp[0m
[35m[1mScanning dependencies of target sensor_msgs_generate_messages_py[0m
[35m[1mScanning dependencies of target _unitree_legged_msgs_generate_messages_check_deps_motordata[0m
[35m[1mScanning dependencies of target geometry_msgs_generate_messages_py[0m
[  0%] Built target sensor_msgs_generate_messages_py
[  0%] Built target sensor_msgs_generate_messages_lisp
[  0%] Built target geometry_msgs_generate_messages_lisp
[  0%] Built target std_msgs_generate_messages_lisp
[  0%] Built target std_msgs_generate_messages_py
[  0%] Built target geometry_msgs_generate_messages_py
[35m[1mScanning dependencies of target std_msgs_generate_messages_nodejs[0m
[35m[1mScanning dependencies of target geometry_msgs_generate_messages_nodejs[0m
[35m[1mScanning dependencies of target sensor_msgs_generate_messages_cpp[0m
[35m[1mScanning dependencies of target std_msgs_generate_messages_cpp[0m
[35m[1mScanning dependencies of target sensor_msgs_generate_messages_nodejs[0m
[35m[1mScanning dependencies of target geometry_msgs_generate_messages_cpp[0m
[  0%] Built target sensor_msgs_generate_messages_cpp
[  0%] Built target geometry_msgs_generate_messages_nodejs
[  0%] Built target sensor_msgs_generate_messages_nodejs
[  0%] Built target std_msgs_generate_messages_cpp
[  0%] Built target std_msgs_generate_messages_nodejs
[  0%] Built target geometry_msgs_generate_messages_cpp
[  0%] Built target _unitree_legged_msgs_generate_messages_check_deps_motorcmd
[35m[1mScanning dependencies of target std_msgs_generate_messages_eus[0m
[35m[1mScanning dependencies of target geometry_msgs_generate_messages_eus[0m
[  0%] Built target std_msgs_generate_messages_eus
[35m[1mScanning dependencies of target sensor_msgs_generate_messages_eus[0m
[  0%] Built target geometry_msgs_generate_messages_eus
[  0%] Built target _unitree_legged_msgs_generate_messages_check_deps_motordata
[  0%] Built target sensor_msgs_generate_messages_eus
[35m[1mScanning dependencies of target unitree_legged_msgs_generate_messages_lisp[0m
[35m[1mScanning dependencies of target unitree_legged_msgs_generate_messages_py[0m
[35m[1mScanning dependencies of target unitree_legged_msgs_generate_messages_nodejs[0m
[35m[1mScanning dependencies of target unitree_legged_msgs_generate_messages_cpp[0m
[35m[1mScanning dependencies of target unitree_legged_msgs_generate_messages_eus[0m
[ 33%] [34m[1mGenerating Python from MSG unitree_legged_msgs/motorcmd[0m
[ 25%] [34m[1mGenerating C++ code from unitree_legged_msgs/motorcmd.msg[0m
[ 33%] [34m[1mGenerating Lisp code from unitree_legged_msgs/motorcmd.msg[0m
[ 33%] [34m[1mGenerating Javascript code from unitree_legged_msgs/motordata.msg[0m
[ 41%] [34m[1mGenerating Lisp code from unitree_legged_msgs/motordata.msg[0m
[ 50%] [34m[1mGenerating Javascript code from unitree_legged_msgs/motorcmd.msg[0m
[ 58%] [34m[1mGenerating Python from MSG unitree_legged_msgs/motordata[0m
[ 66%] [34m[1mGenerating EusLisp code from unitree_legged_msgs/motorcmd.msg[0m
[ 75%] [34m[1mGenerating EusLisp code from unitree_legged_msgs/motordata.msg[0m
[ 83%] [34m[1mGenerating C++ code from unitree_legged_msgs/motordata.msg[0m
[ 83%] Built target unitree_legged_msgs_generate_messages_lisp
[ 83%] Built target unitree_legged_msgs_generate_messages_nodejs
[ 91%] [34m[1mGenerating EusLisp manifest code for unitree_legged_msgs[0m
WARNING: Package name "aliengoZ1_description" does not follow the naming conventions. It should start with a lower case letter and only contain lower case letters, digits, underscores, and dashes.
[ 91%] Built target unitree_legged_msgs_generate_messages_cpp
[100%] [34m[1mGenerating Python msg __init__.py for unitree_legged_msgs[0m
WARNING: Package name "aliengoZ1_description" does not follow the naming conventions. It should start with a lower case letter and only contain lower case letters, digits, underscores, and dashes.
[100%] Built target unitree_legged_msgs_generate_messages_py
[100%] Built target unitree_legged_msgs_generate_messages_eus
[35m[1mScanning dependencies of target unitree_legged_msgs_generate_messages[0m
[100%] Built target unitree_legged_msgs_generate_messages
