[35m[1mScanning dependencies of target _unitree_legged_msgs_generate_messages_check_deps_IMU[0m
[35m[1mScanning dependencies of target _unitree_legged_msgs_generate_messages_check_deps_upstream[0m
[35m[1mScanning dependencies of target _unitree_legged_msgs_generate_messages_check_deps_HighCmd[0m
[35m[1mScanning dependencies of target _unitree_legged_msgs_generate_messages_check_deps_LowState[0m
[35m[1mScanning dependencies of target _unitree_legged_msgs_generate_messages_check_deps_BmsState[0m
[35m[1mScanning dependencies of target _unitree_legged_msgs_generate_messages_check_deps_HighState[0m
[  0%] Built target _unitree_legged_msgs_generate_messages_check_deps_upstream
[  0%] Built target _unitree_legged_msgs_generate_messages_check_deps_HighState
[  0%] Built target _unitree_legged_msgs_generate_messages_check_deps_LowState
[  0%] Built target _unitree_legged_msgs_generate_messages_check_deps_HighCmd
[  0%] Built target _unitree_legged_msgs_generate_messages_check_deps_BmsState
[35m[1mScanning dependencies of target _unitree_legged_msgs_generate_messages_check_deps_downstream[0m
[35m[1mScanning dependencies of target _unitree_legged_msgs_generate_messages_check_deps_LowCmd[0m
[35m[1mScanning dependencies of target _unitree_legged_msgs_generate_messages_check_deps_LED[0m
[  0%] Built target _unitree_legged_msgs_generate_messages_check_deps_IMU
[  0%] Built target std_msgs_generate_messages_eus
[35m[1mScanning dependencies of target _unitree_legged_msgs_generate_messages_check_deps_MotorCmd[0m
[  0%] Built target geometry_msgs_generate_messages_eus
[  0%] Built target sensor_msgs_generate_messages_eus
[  0%] Built target _unitree_legged_msgs_generate_messages_check_deps_LowCmd
[35m[1mScanning dependencies of target _unitree_legged_msgs_generate_messages_check_deps_MotorState[0m
[  0%] Built target _unitree_legged_msgs_generate_messages_check_deps_downstream
[  0%] Built target _unitree_legged_msgs_generate_messages_check_deps_LED
[35m[1mScanning dependencies of target _unitree_legged_msgs_generate_messages_check_deps_BmsCmd[0m
[35m[1mScanning dependencies of target _unitree_legged_msgs_generate_messages_check_deps_Cartesian[0m
[  0%] Built target _unitree_legged_msgs_generate_messages_check_deps_MotorCmd
[  0%] Built target std_msgs_generate_messages_lisp
[  0%] Built target geometry_msgs_generate_messages_lisp
[  0%] Built target sensor_msgs_generate_messages_lisp
[  0%] Built target _unitree_legged_msgs_generate_messages_check_deps_MotorState
[  0%] Built target sensor_msgs_generate_messages_cpp
[  0%] Built target _unitree_legged_msgs_generate_messages_check_deps_BmsCmd
[  0%] Built target _unitree_legged_msgs_generate_messages_check_deps_Cartesian
[  0%] Built target std_msgs_generate_messages_cpp
[  0%] Built target std_msgs_generate_messages_py
[  0%] Built target geometry_msgs_generate_messages_cpp
[  0%] Built target sensor_msgs_generate_messages_py
[  0%] Built target geometry_msgs_generate_messages_py
[  0%] Built target std_msgs_generate_messages_nodejs
[  0%] Built target geometry_msgs_generate_messages_nodejs
[  1%] [34m[1mGenerating EusLisp code from unitree_legged_msgs/MotorCmd.msg[0m
[  2%] [34m[1mGenerating EusLisp code from unitree_legged_msgs/MotorState.msg[0m
[  2%] Built target sensor_msgs_generate_messages_nodejs
[  4%] [34m[1mGenerating Lisp code from unitree_legged_msgs/MotorCmd.msg[0m
[  5%] [34m[1mGenerating EusLisp code from unitree_legged_msgs/BmsCmd.msg[0m
[  7%] [34m[1mGenerating C++ code from unitree_legged_msgs/MotorCmd.msg[0m
[  8%] [34m[1mGenerating Python from MSG unitree_legged_msgs/MotorCmd[0m
[ 10%] [34m[1mGenerating Lisp code from unitree_legged_msgs/MotorState.msg[0m
[ 11%] [34m[1mGenerating Python from MSG unitree_legged_msgs/MotorState[0m
[ 13%] [34m[1mGenerating Python from MSG unitree_legged_msgs/BmsCmd[0m
[ 14%] [34m[1mGenerating EusLisp code from unitree_legged_msgs/BmsState.msg[0m
[ 16%] [34m[1mGenerating C++ code from unitree_legged_msgs/MotorState.msg[0m
[ 17%] [34m[1mGenerating Lisp code from unitree_legged_msgs/BmsCmd.msg[0m
[ 19%] [34m[1mGenerating EusLisp code from unitree_legged_msgs/Cartesian.msg[0m
[ 20%] [34m[1mGenerating Lisp code from unitree_legged_msgs/BmsState.msg[0m
[ 22%] [34m[1mGenerating Python from MSG unitree_legged_msgs/BmsState[0m
[ 23%] [34m[1mGenerating Lisp code from unitree_legged_msgs/Cartesian.msg[0m
[ 25%] [34m[1mGenerating EusLisp code from unitree_legged_msgs/IMU.msg[0m
[ 26%] [34m[1mGenerating Python from MSG unitree_legged_msgs/Cartesian[0m
[ 28%] [34m[1mGenerating Python from MSG unitree_legged_msgs/IMU[0m
[ 29%] [34m[1mGenerating C++ code from unitree_legged_msgs/BmsCmd.msg[0m
[ 31%] [34m[1mGenerating Lisp code from unitree_legged_msgs/IMU.msg[0m
[ 32%] [34m[1mGenerating EusLisp code from unitree_legged_msgs/LED.msg[0m
[ 34%] [34m[1mGenerating Lisp code from unitree_legged_msgs/LED.msg[0m
[ 35%] [34m[1mGenerating C++ code from unitree_legged_msgs/BmsState.msg[0m
[ 37%] [34m[1mGenerating EusLisp code from unitree_legged_msgs/LowCmd.msg[0m
[ 38%] [34m[1mGenerating C++ code from unitree_legged_msgs/Cartesian.msg[0m
[ 40%] [34m[1mGenerating Python from MSG unitree_legged_msgs/LED[0m
[ 41%] [34m[1mGenerating C++ code from unitree_legged_msgs/IMU.msg[0m
[ 43%] [34m[1mGenerating Lisp code from unitree_legged_msgs/LowCmd.msg[0m
[ 44%] [34m[1mGenerating Lisp code from unitree_legged_msgs/LowState.msg[0m
[ 46%] [34m[1mGenerating EusLisp code from unitree_legged_msgs/LowState.msg[0m
[ 47%] [34m[1mGenerating Lisp code from unitree_legged_msgs/HighCmd.msg[0m
[ 49%] [34m[1mGenerating Python from MSG unitree_legged_msgs/LowCmd[0m
[ 50%] [34m[1mGenerating Javascript code from unitree_legged_msgs/MotorCmd.msg[0m
[ 52%] [34m[1mGenerating Lisp code from unitree_legged_msgs/HighState.msg[0m
[ 53%] [34m[1mGenerating C++ code from unitree_legged_msgs/LED.msg[0m
[ 55%] [34m[1mGenerating EusLisp code from unitree_legged_msgs/HighCmd.msg[0m
[ 56%] [34m[1mGenerating C++ code from unitree_legged_msgs/LowCmd.msg[0m
[ 58%] [34m[1mGenerating Javascript code from unitree_legged_msgs/MotorState.msg[0m
[ 59%] [34m[1mGenerating Lisp code from unitree_legged_msgs/upstream.msg[0m
[ 61%] [34m[1mGenerating Javascript code from unitree_legged_msgs/BmsCmd.msg[0m
[ 62%] [34m[1mGenerating EusLisp code from unitree_legged_msgs/HighState.msg[0m
[ 64%] [34m[1mGenerating Lisp code from unitree_legged_msgs/downstream.msg[0m
[ 65%] [34m[1mGenerating EusLisp code from unitree_legged_msgs/upstream.msg[0m
[ 67%] [34m[1mGenerating EusLisp code from unitree_legged_msgs/downstream.msg[0m
[ 68%] [34m[1mGenerating Python from MSG unitree_legged_msgs/LowState[0m
[ 70%] [34m[1mGenerating Javascript code from unitree_legged_msgs/BmsState.msg[0m
[ 70%] Built target unitree_legged_msgs_generate_messages_lisp
[ 71%] [34m[1mGenerating C++ code from unitree_legged_msgs/LowState.msg[0m
[ 73%] [34m[1mGenerating C++ code from unitree_legged_msgs/HighCmd.msg[0m
[ 74%] [34m[1mGenerating Javascript code from unitree_legged_msgs/Cartesian.msg[0m
[ 76%] [34m[1mGenerating Javascript code from unitree_legged_msgs/IMU.msg[0m
[ 77%] [34m[1mGenerating Javascript code from unitree_legged_msgs/LED.msg[0m
[ 79%] Built target unitree_legged_msgs_generate_messages_eus
[ 80%] [34m[1mGenerating C++ code from unitree_legged_msgs/HighState.msg[0m
[ 82%] [34m[1mGenerating Javascript code from unitree_legged_msgs/LowCmd.msg[0m
[ 83%] [34m[1mGenerating Javascript code from unitree_legged_msgs/LowState.msg[0m
[ 85%] [34m[1mGenerating C++ code from unitree_legged_msgs/upstream.msg[0m
[ 86%] [34m[1mGenerating Javascript code from unitree_legged_msgs/HighCmd.msg[0m
[ 88%] [34m[1mGenerating Javascript code from unitree_legged_msgs/HighState.msg[0m
[ 89%] [34m[1mGenerating Python from MSG unitree_legged_msgs/HighCmd[0m
[ 91%] [34m[1mGenerating C++ code from unitree_legged_msgs/downstream.msg[0m
[ 92%] [34m[1mGenerating Javascript code from unitree_legged_msgs/upstream.msg[0m
[ 94%] [34m[1mGenerating Javascript code from unitree_legged_msgs/downstream.msg[0m
[ 95%] [34m[1mGenerating Python from MSG unitree_legged_msgs/HighState[0m
[ 97%] [34m[1mGenerating Python from MSG unitree_legged_msgs/upstream[0m
[ 98%] [34m[1mGenerating Python from MSG unitree_legged_msgs/downstream[0m
[ 98%] Built target unitree_legged_msgs_generate_messages_nodejs
[ 98%] Built target unitree_legged_msgs_generate_messages_cpp
[100%] [34m[1mGenerating Python msg __init__.py for unitree_legged_msgs[0m
[100%] Built target unitree_legged_msgs_generate_messages_py
[100%] Built target unitree_legged_msgs_generate_messages
