[01m[K/home/mzx/Desktop/yuanshi/quadruped_robot_2023/src/hardware_ctrl/src/UnitreeDriver.cpp:[m[K In member function ‘[01m[Kvoid UnitreeDriver::SendControlDataToSTM32()[m[K’:
[01m[K/home/mzx/Desktop/yuanshi/quadruped_robot_2023/src/hardware_ctrl/src/UnitreeDriver.cpp:101:36:[m[K [01;31m[Kerror: [m[Kinvalid conversion from ‘[01m[Kint[m[K’ to ‘[01m[Kvoid*[m[K’ [[01;31m[K-fpermissive[m[K]
  101 |         memcpy([01;31m[KSendBuffer.data()[0]+2[m[K, &data_to_stm32[i].TarTor, 4);
      |                [01;31m[K~~~~~~~~~~~~~~~~~~~~^~[m[K
      |                                    [01;31m[K|[m[K
      |                                    [01;31m[Kint[m[K
In file included from [01m[K/usr/include/c++/9/cstring:42[m[K,
                 from [01m[K/opt/ros/noetic/include/serial/serial.h:42[m[K,
                 from [01m[K/home/mzx/Desktop/yuanshi/quadruped_robot_2023/src/hardware_ctrl/src/UnitreeDriver.h:4[m[K,
                 from [01m[K/home/mzx/Desktop/yuanshi/quadruped_robot_2023/src/hardware_ctrl/src/UnitreeDriver.cpp:1[m[K:
[01m[K/usr/include/string.h:43:39:[m[K [01;36m[Knote: [m[K  initializing argument 1 of ‘[01m[Kvoid* memcpy(void*, const void*, size_t)[m[K’
   43 | extern void *memcpy ([01;36m[Kvoid *__restrict __dest[m[K, const void *__restrict __src,
      |                      [01;36m[K~~~~~~~~~~~~~~~~~^~~~~~[m[K
[01m[K/home/mzx/Desktop/yuanshi/quadruped_robot_2023/src/hardware_ctrl/src/UnitreeDriver.cpp:102:36:[m[K [01;31m[Kerror: [m[Kinvalid conversion from ‘[01m[Kint[m[K’ to ‘[01m[Kvoid*[m[K’ [[01;31m[K-fpermissive[m[K]
  102 |         memcpy([01;31m[KSendBuffer.data()[0]+6[m[K, &data_to_stm32[i].TarVel, 4);
      |                [01;31m[K~~~~~~~~~~~~~~~~~~~~^~[m[K
      |                                    [01;31m[K|[m[K
      |                                    [01;31m[Kint[m[K
In file included from [01m[K/usr/include/c++/9/cstring:42[m[K,
                 from [01m[K/opt/ros/noetic/include/serial/serial.h:42[m[K,
                 from [01m[K/home/mzx/Desktop/yuanshi/quadruped_robot_2023/src/hardware_ctrl/src/UnitreeDriver.h:4[m[K,
                 from [01m[K/home/mzx/Desktop/yuanshi/quadruped_robot_2023/src/hardware_ctrl/src/UnitreeDriver.cpp:1[m[K:
[01m[K/usr/include/string.h:43:39:[m[K [01;36m[Knote: [m[K  initializing argument 1 of ‘[01m[Kvoid* memcpy(void*, const void*, size_t)[m[K’
   43 | extern void *memcpy ([01;36m[Kvoid *__restrict __dest[m[K, const void *__restrict __src,
      |                      [01;36m[K~~~~~~~~~~~~~~~~~^~~~~~[m[K
[01m[K/home/mzx/Desktop/yuanshi/quadruped_robot_2023/src/hardware_ctrl/src/UnitreeDriver.cpp:103:36:[m[K [01;31m[Kerror: [m[Kinvalid conversion from ‘[01m[Kint[m[K’ to ‘[01m[Kvoid*[m[K’ [[01;31m[K-fpermissive[m[K]
  103 |         memcpy([01;31m[KSendBuffer.data()[0]+10[m[K, &data_to_stm32[i].TarPos, 4);
      |                [01;31m[K~~~~~~~~~~~~~~~~~~~~^~~[m[K
      |                                    [01;31m[K|[m[K
      |                                    [01;31m[Kint[m[K
In file included from [01m[K/usr/include/c++/9/cstring:42[m[K,
                 from [01m[K/opt/ros/noetic/include/serial/serial.h:42[m[K,
                 from [01m[K/home/mzx/Desktop/yuanshi/quadruped_robot_2023/src/hardware_ctrl/src/UnitreeDriver.h:4[m[K,
                 from [01m[K/home/mzx/Desktop/yuanshi/quadruped_robot_2023/src/hardware_ctrl/src/UnitreeDriver.cpp:1[m[K:
[01m[K/usr/include/string.h:43:39:[m[K [01;36m[Knote: [m[K  initializing argument 1 of ‘[01m[Kvoid* memcpy(void*, const void*, size_t)[m[K’
   43 | extern void *memcpy ([01;36m[Kvoid *__restrict __dest[m[K, const void *__restrict __src,
      |                      [01;36m[K~~~~~~~~~~~~~~~~~^~~~~~[m[K
[01m[K/home/mzx/Desktop/yuanshi/quadruped_robot_2023/src/hardware_ctrl/src/UnitreeDriver.cpp:104:36:[m[K [01;31m[Kerror: [m[Kinvalid conversion from ‘[01m[Kint[m[K’ to ‘[01m[Kvoid*[m[K’ [[01;31m[K-fpermissive[m[K]
  104 |         memcpy([01;31m[KSendBuffer.data()[0]+14[m[K, &data_to_stm32[i].KP, 4);
      |                [01;31m[K~~~~~~~~~~~~~~~~~~~~^~~[m[K
      |                                    [01;31m[K|[m[K
      |                                    [01;31m[Kint[m[K
In file included from [01m[K/usr/include/c++/9/cstring:42[m[K,
                 from [01m[K/opt/ros/noetic/include/serial/serial.h:42[m[K,
                 from [01m[K/home/mzx/Desktop/yuanshi/quadruped_robot_2023/src/hardware_ctrl/src/UnitreeDriver.h:4[m[K,
                 from [01m[K/home/mzx/Desktop/yuanshi/quadruped_robot_2023/src/hardware_ctrl/src/UnitreeDriver.cpp:1[m[K:
[01m[K/usr/include/string.h:43:39:[m[K [01;36m[Knote: [m[K  initializing argument 1 of ‘[01m[Kvoid* memcpy(void*, const void*, size_t)[m[K’
   43 | extern void *memcpy ([01;36m[Kvoid *__restrict __dest[m[K, const void *__restrict __src,
      |                      [01;36m[K~~~~~~~~~~~~~~~~~^~~~~~[m[K
[01m[K/home/mzx/Desktop/yuanshi/quadruped_robot_2023/src/hardware_ctrl/src/UnitreeDriver.cpp:105:36:[m[K [01;31m[Kerror: [m[Kinvalid conversion from ‘[01m[Kint[m[K’ to ‘[01m[Kvoid*[m[K’ [[01;31m[K-fpermissive[m[K]
  105 |         memcpy([01;31m[KSendBuffer.data()[0]+18[m[K, &data_to_stm32[i].KD, 4);
      |                [01;31m[K~~~~~~~~~~~~~~~~~~~~^~~[m[K
      |                                    [01;31m[K|[m[K
      |                                    [01;31m[Kint[m[K
In file included from [01m[K/usr/include/c++/9/cstring:42[m[K,
                 from [01m[K/opt/ros/noetic/include/serial/serial.h:42[m[K,
                 from [01m[K/home/mzx/Desktop/yuanshi/quadruped_robot_2023/src/hardware_ctrl/src/UnitreeDriver.h:4[m[K,
                 from [01m[K/home/mzx/Desktop/yuanshi/quadruped_robot_2023/src/hardware_ctrl/src/UnitreeDriver.cpp:1[m[K:
[01m[K/usr/include/string.h:43:39:[m[K [01;36m[Knote: [m[K  initializing argument 1 of ‘[01m[Kvoid* memcpy(void*, const void*, size_t)[m[K’
   43 | extern void *memcpy ([01;36m[Kvoid *__restrict __dest[m[K, const void *__restrict __src,
      |                      [01;36m[K~~~~~~~~~~~~~~~~~^~~~~~[m[K
make[2]: *** [CMakeFiles/STM32_Node.dir/build.make:76: CMakeFiles/STM32_Node.dir/src/UnitreeDriver.cpp.o] Error 1
make[1]: *** [CMakeFiles/Makefile2:176: CMakeFiles/STM32_Node.dir/all] Error 2
make: *** [Makefile:141: all] Error 2
