[  0%] Built target unitree_legged_msgs_generate_messages_lisp
[  0%] Built target unitree_legged_msgs_generate_messages_cpp
[  0%] Built target geometry_msgs_generate_messages_eus
[  0%] Built target rosgraph_msgs_generate_messages_cpp
[ 33%] Built target STM32_Node
[ 33%] Built target rosgraph_msgs_generate_messages_eus
[ 33%] Built target std_msgs_generate_messages_eus
[ 33%] Built target roscpp_generate_messages_nodejs
[ 33%] Built target unitree_legged_msgs_generate_messages_nodejs
[ 33%] Built target geometry_msgs_generate_messages_lisp
[ 33%] Built target geometry_msgs_generate_messages_nodejs
[ 33%] Built target geometry_msgs_generate_messages_cpp
[ 33%] Built target roscpp_generate_messages_eus
[ 33%] Built target geometry_msgs_generate_messages_py
[ 33%] Built target sensor_msgs_generate_messages_py
[ 33%] Built target sensor_msgs_generate_messages_lisp
[ 33%] Built target sensor_msgs_generate_messages_nodejs
[ 33%] Built target roscpp_generate_messages_py
[ 33%] Built target roscpp_generate_messages_cpp
[ 33%] Built target sensor_msgs_generate_messages_eus
[ 33%] Built target rosgraph_msgs_generate_messages_py
[ 33%] Built target rosgraph_msgs_generate_messages_lisp
[ 33%] Built target std_msgs_generate_messages_lisp
[ 33%] Built target unitree_legged_msgs_generate_messages_py
[ 33%] Built target unitree_legged_msgs_generate_messages_eus
[ 33%] Built target std_msgs_generate_messages_py
[ 33%] Built target std_msgs_generate_messages_cpp
[ 33%] Built target roscpp_generate_messages_lisp
[ 33%] Built target rosgraph_msgs_generate_messages_nodejs
[ 33%] Built target sensor_msgs_generate_messages_cpp
[ 33%] Built target std_msgs_generate_messages_nodejs
[ 55%] Built target imu_communication
[35m[1mScanning dependencies of target dogstandup[0m
[ 66%] [32mBuilding CXX object CMakeFiles/dogstandup.dir/src/standup.cpp.o[0m
[ 88%] Built target motor_communication
[100%] [32m[1mLinking CXX executable /home/mzx/Desktop/yuanshi/quadruped_robot_2023/devel/.private/hardware_ctrl/lib/hardware_ctrl/dogstandup[0m
[100%] Built target dogstandup
