[35m[1mScanning dependencies of target geometry_msgs_generate_messages_eus[0m
[35m[1mScanning dependencies of target rosgraph_msgs_generate_messages_eus[0m
[35m[1mScanning dependencies of target unitree_legged_msgs_generate_messages_lisp[0m
[35m[1mScanning dependencies of target STM32_Node[0m
[35m[1mScanning dependencies of target roscpp_generate_messages_nodejs[0m
[35m[1mScanning dependencies of target unitree_legged_msgs_generate_messages_cpp[0m
[35m[1mScanning dependencies of target rosgraph_msgs_generate_messages_cpp[0m
[  0%] Built target rosgraph_msgs_generate_messages_eus
[  0%] Built target geometry_msgs_generate_messages_eus
[  0%] Built target unitree_legged_msgs_generate_messages_lisp
[  0%] Built target roscpp_generate_messages_nodejs
[  0%] Built target unitree_legged_msgs_generate_messages_cpp
[ 11%] [32mBuilding CXX object CMakeFiles/STM32_Node.dir/src/stm32_communication.cpp.o[0m
[35m[1mScanning dependencies of target std_msgs_generate_messages_eus[0m
[ 11%] Built target rosgraph_msgs_generate_messages_cpp
[35m[1mScanning dependencies of target geometry_msgs_generate_messages_lisp[0m
[35m[1mScanning dependencies of target unitree_legged_msgs_generate_messages_nodejs[0m
[35m[1mScanning dependencies of target geometry_msgs_generate_messages_nodejs[0m
[35m[1mScanning dependencies of target geometry_msgs_generate_messages_cpp[0m
[ 11%] Built target std_msgs_generate_messages_eus
[35m[1mScanning dependencies of target roscpp_generate_messages_eus[0m
[ 11%] Built target unitree_legged_msgs_generate_messages_nodejs
[ 11%] Built target geometry_msgs_generate_messages_cpp
[ 11%] Built target roscpp_generate_messages_eus
[35m[1mScanning dependencies of target sensor_msgs_generate_messages_py[0m
[ 22%] [32mBuilding CXX object CMakeFiles/STM32_Node.dir/src/UnitreeDriver.cpp.o[0m
[ 11%] Built target geometry_msgs_generate_messages_nodejs
[ 22%] Built target geometry_msgs_generate_messages_lisp
[35m[1mScanning dependencies of target geometry_msgs_generate_messages_py[0m
[35m[1mScanning dependencies of target sensor_msgs_generate_messages_lisp[0m
[35m[1mScanning dependencies of target sensor_msgs_generate_messages_nodejs[0m
[ 22%] Built target sensor_msgs_generate_messages_py
[ 22%] Built target sensor_msgs_generate_messages_lisp
[35m[1mScanning dependencies of target roscpp_generate_messages_py[0m
[ 22%] Built target geometry_msgs_generate_messages_py
[35m[1mScanning dependencies of target roscpp_generate_messages_cpp[0m
[ 22%] Built target sensor_msgs_generate_messages_nodejs
[35m[1mScanning dependencies of target sensor_msgs_generate_messages_eus[0m
[35m[1mScanning dependencies of target rosgraph_msgs_generate_messages_py[0m
[ 22%] Built target roscpp_generate_messages_py
[ 22%] Built target roscpp_generate_messages_cpp
[35m[1mScanning dependencies of target rosgraph_msgs_generate_messages_lisp[0m
[ 22%] Built target sensor_msgs_generate_messages_eus
[ 22%] Built target rosgraph_msgs_generate_messages_py
[35m[1mScanning dependencies of target std_msgs_generate_messages_lisp[0m
[35m[1mScanning dependencies of target unitree_legged_msgs_generate_messages_eus[0m
[35m[1mScanning dependencies of target roscpp_generate_messages_lisp[0m
[ 22%] Built target rosgraph_msgs_generate_messages_lisp
[35m[1mScanning dependencies of target rosgraph_msgs_generate_messages_nodejs[0m
[ 22%] Built target roscpp_generate_messages_lisp
[ 22%] Built target std_msgs_generate_messages_lisp
[ 22%] Built target unitree_legged_msgs_generate_messages_eus
[ 22%] Built target rosgraph_msgs_generate_messages_nodejs
[35m[1mScanning dependencies of target std_msgs_generate_messages_cpp[0m
[35m[1mScanning dependencies of target unitree_legged_msgs_generate_messages_py[0m
[35m[1mScanning dependencies of target std_msgs_generate_messages_py[0m
[35m[1mScanning dependencies of target sensor_msgs_generate_messages_cpp[0m
[35m[1mScanning dependencies of target std_msgs_generate_messages_nodejs[0m
[ 22%] Built target std_msgs_generate_messages_cpp
[ 22%] Built target std_msgs_generate_messages_py
[ 22%] Built target sensor_msgs_generate_messages_cpp
[ 22%] Built target unitree_legged_msgs_generate_messages_py
[ 22%] Built target std_msgs_generate_messages_nodejs
[35m[1mScanning dependencies of target imu_communication[0m
[35m[1mScanning dependencies of target motor_communication[0m
[35m[1mScanning dependencies of target dogstandup[0m
[ 33%] [32mBuilding CXX object CMakeFiles/imu_communication.dir/src/imu_communication.cpp.o[0m
[ 44%] [32mBuilding CXX object CMakeFiles/dogstandup.dir/src/standup.cpp.o[0m
[ 55%] [32mBuilding CXX object CMakeFiles/motor_communication.dir/src/motor_communication.cpp.o[0m
[ 66%] [32m[1mLinking CXX executable /home/mzx/Desktop/quad_ruped_ws/quadruped_robot_2023/devel/.private/hardware_ctrl/lib/hardware_ctrl/STM32_Node[0m
[ 77%] [32m[1mLinking CXX executable /home/mzx/Desktop/quad_ruped_ws/quadruped_robot_2023/devel/.private/hardware_ctrl/lib/hardware_ctrl/imu_communication[0m
[ 77%] Built target STM32_Node
[ 77%] Built target imu_communication
[ 88%] [32m[1mLinking CXX executable /home/mzx/Desktop/quad_ruped_ws/quadruped_robot_2023/devel/.private/hardware_ctrl/lib/hardware_ctrl/dogstandup[0m
[100%] [32m[1mLinking CXX executable /home/mzx/Desktop/quad_ruped_ws/quadruped_robot_2023/devel/.private/hardware_ctrl/lib/hardware_ctrl/motor_communication[0m
[100%] Built target dogstandup
[100%] Built target motor_communication
