[35m[1mScanning dependencies of target STM32_Node[0m
[  0%] Built target unitree_legged_msgs_generate_messages_lisp
[ 11%] [32mBuilding CXX object CMakeFiles/STM32_Node.dir/src/stm32_communication.cpp.o[0m
[ 11%] Built target geometry_msgs_generate_messages_eus
[ 11%] Built target unitree_legged_msgs_generate_messages_cpp
[ 11%] Built target rosgraph_msgs_generate_messages_eus
[ 11%] Built target rosgraph_msgs_generate_messages_cpp
[ 11%] Built target roscpp_generate_messages_nodejs
[ 11%] Built target std_msgs_generate_messages_eus
[ 11%] Built target unitree_legged_msgs_generate_messages_nodejs
[ 11%] Built target geometry_msgs_generate_messages_lisp
[ 11%] Built target geometry_msgs_generate_messages_cpp
[ 11%] Built target geometry_msgs_generate_messages_nodejs
[ 11%] Built target roscpp_generate_messages_eus
[ 11%] Built target sensor_msgs_generate_messages_py
[ 11%] Built target geometry_msgs_generate_messages_py
[ 11%] Built target sensor_msgs_generate_messages_lisp
[ 11%] Built target sensor_msgs_generate_messages_nodejs
[ 11%] Built target roscpp_generate_messages_py
[ 11%] Built target roscpp_generate_messages_cpp
[ 11%] Built target sensor_msgs_generate_messages_eus
[ 11%] Built target rosgraph_msgs_generate_messages_py
[ 11%] Built target rosgraph_msgs_generate_messages_lisp
[ 11%] Built target std_msgs_generate_messages_lisp
[ 11%] Built target unitree_legged_msgs_generate_messages_eus
[ 11%] Built target roscpp_generate_messages_lisp
[ 11%] Built target rosgraph_msgs_generate_messages_nodejs
[ 11%] Built target std_msgs_generate_messages_cpp
[ 11%] Built target unitree_legged_msgs_generate_messages_py
[ 11%] Built target std_msgs_generate_messages_py
[ 11%] Built target sensor_msgs_generate_messages_cpp
[ 11%] Built target std_msgs_generate_messages_nodejs
[ 33%] Built target imu_communication
[35m[1mScanning dependencies of target dogstandup[0m
[ 44%] [32mBuilding CXX object CMakeFiles/dogstandup.dir/src/standup.cpp.o[0m
[35m[1mScanning dependencies of target motor_communication[0m
[ 55%] [32mBuilding CXX object CMakeFiles/motor_communication.dir/src/motor_communication.cpp.o[0m
[ 66%] [32m[1mLinking CXX executable /home/mzx/Desktop/quad_ruped_ws/quadruped_robot_2023/devel/.private/hardware_ctrl/lib/hardware_ctrl/STM32_Node[0m
[ 77%] Built target STM32_Node
[ 88%] [32m[1mLinking CXX executable /home/mzx/Desktop/quad_ruped_ws/quadruped_robot_2023/devel/.private/hardware_ctrl/lib/hardware_ctrl/motor_communication[0m
[100%] [32m[1mLinking CXX executable /home/mzx/Desktop/quad_ruped_ws/quadruped_robot_2023/devel/.private/hardware_ctrl/lib/hardware_ctrl/dogstandup[0m
[100%] Built target motor_communication
[100%] Built target dogstandup
