[01m[K/home/mzx/Desktop/yuanshi/quadruped_robot_2023/src/hardware_ctrl/src/UnitreeDriver.cpp:[m[K In member function ‘[01m[Kvoid UnitreeDriver::SendControlDataToSTM32()[m[K’:
[01m[K/home/mzx/Desktop/yuanshi/quadruped_robot_2023/src/hardware_ctrl/src/UnitreeDriver.cpp:100:9:[m[K [01;31m[Kerror: [m[K‘[01m[Kcout[m[K’ was not declared in this scope; did you mean ‘[01m[Kstd::cout[m[K’?
  100 |         [01;31m[Kcout[m[K << "data_to_stm32[i].id: " << data_to_stm32[i].id << endl;
      |         [01;31m[K^~~~[m[K
      |         [32m[Kstd::cout[m[K
In file included from [01m[K/opt/ros/noetic/include/ros/time.h:54[m[K,
                 from [01m[K/opt/ros/noetic/include/ros/ros.h:38[m[K,
                 from [01m[K/home/mzx/Desktop/yuanshi/quadruped_robot_2023/src/hardware_ctrl/src/UnitreeDriver.cpp:2[m[K:
[01m[K/usr/include/c++/9/iostream:61:18:[m[K [01;36m[Knote: [m[K‘[01m[Kstd::cout[m[K’ declared here
   61 |   extern ostream [01;36m[Kcout[m[K;  /// Linked to standard output
      |                  [01;36m[K^~~~[m[K
[01m[K/home/mzx/Desktop/yuanshi/quadruped_robot_2023/src/hardware_ctrl/src/UnitreeDriver.cpp:100:67:[m[K [01;31m[Kerror: [m[K‘[01m[Kendl[m[K’ was not declared in this scope; did you mean ‘[01m[Kstd::endl[m[K’?
  100 |         cout << "data_to_stm32[i].id: " << data_to_stm32[i].id << [01;31m[Kendl[m[K;
      |                                                                   [01;31m[K^~~~[m[K
      |                                                                   [32m[Kstd::endl[m[K
In file included from [01m[K/usr/include/c++/9/istream:39[m[K,
                 from [01m[K/usr/include/c++/9/sstream:38[m[K,
                 from [01m[K/opt/ros/noetic/include/serial/serial.h:43[m[K,
                 from [01m[K/home/mzx/Desktop/yuanshi/quadruped_robot_2023/src/hardware_ctrl/src/UnitreeDriver.h:4[m[K,
                 from [01m[K/home/mzx/Desktop/yuanshi/quadruped_robot_2023/src/hardware_ctrl/src/UnitreeDriver.cpp:1[m[K:
[01m[K/usr/include/c++/9/ostream:599:5:[m[K [01;36m[Knote: [m[K‘[01m[Kstd::endl[m[K’ declared here
  599 |     [01;36m[Kendl[m[K(basic_ostream<_CharT, _Traits>& __os)
      |     [01;36m[K^~~~[m[K
[01m[K/home/mzx/Desktop/yuanshi/quadruped_robot_2023/src/hardware_ctrl/src/stm32_communication.cpp:[m[K In function ‘[01m[Kvoid DownStreamCallback(const ConstPtr&)[m[K’:
[01m[K/home/mzx/Desktop/yuanshi/quadruped_robot_2023/src/hardware_ctrl/src/stm32_communication.cpp:146:42:[m[K [01;31m[Kerror: [m[Kcannot convert ‘[01m[KUnitreeMotorData_t_sendToStm32*[m[K’ to ‘[01m[KUnitreeMotorData_t*[m[K’ in initialization
  146 |         UnitreeMotorData_t* pMotorData = [01;31m[K&(pMotorDriver->data_to_stm32[id])[m[K;
      |                                          [01;31m[K^~~~~~~~~~~~~~~~~~~~~~~~~~~~~~~~~~[m[K
      |                                          [01;31m[K|[m[K
      |                                          [01;31m[KUnitreeMotorData_t_sendToStm32*[m[K
make[2]: *** [CMakeFiles/STM32_Node.dir/build.make:76: CMakeFiles/STM32_Node.dir/src/UnitreeDriver.cpp.o] Error 1
make[2]: *** Waiting for unfinished jobs....
make[2]: *** [CMakeFiles/STM32_Node.dir/build.make:63: CMakeFiles/STM32_Node.dir/src/stm32_communication.cpp.o] Error 1
make[1]: *** [CMakeFiles/Makefile2:176: CMakeFiles/STM32_Node.dir/all] Error 2
make: *** [Makefile:141: all] Error 2
