Symlinking /home/mzx/Desktop/quad_ruped_ws/quadruped_robot_2023/devel/lib/hardware_ctrl/motor_communication
Symlinking /home/mzx/Desktop/quad_ruped_ws/quadruped_robot_2023/devel/lib/hardware_ctrl/imu_communication
Symlinking /home/mzx/Desktop/quad_ruped_ws/quadruped_robot_2023/devel/lib/hardware_ctrl/STM32_Node
Symlinking /home/mzx/Desktop/quad_ruped_ws/quadruped_robot_2023/devel/lib/hardware_ctrl/dogstandup
Symlinking /home/mzx/Desktop/quad_ruped_ws/quadruped_robot_2023/devel/lib/pkgconfig/hardware_ctrl.pc
Symlinking /home/mzx/Desktop/quad_ruped_ws/quadruped_robot_2023/devel/share/hardware_ctrl/cmake/hardware_ctrlConfig.cmake
Symlinking /home/mzx/Desktop/quad_ruped_ws/quadruped_robot_2023/devel/share/hardware_ctrl/cmake/hardware_ctrlConfig-version.cmake
Cleaning: (/home/guoyunkai/quadruped_robot_2023/devel/.private/hardware_ctrl/cmake.lock, /home/guoyunkai/quadruped_robot_2023/devel/./cmake.lock)
Cleaning: (/home/guoyunkai/quadruped_robot_2023/devel/.private/hardware_ctrl/lib/pkgconfig/hardware_ctrl.pc, /home/guoyunkai/quadruped_robot_2023/devel/lib/pkgconfig/hardware_ctrl.pc)
Cleaning: (/home/guoyunkai/quadruped_robot_2023/devel/.private/hardware_ctrl/lib/hardware_ctrl/dogstandup, /home/guoyunkai/quadruped_robot_2023/devel/lib/hardware_ctrl/dogstandup)
Cleaning: (/home/guoyunkai/quadruped_robot_2023/devel/.private/hardware_ctrl/lib/hardware_ctrl/imu_communication, /home/guoyunkai/quadruped_robot_2023/devel/lib/hardware_ctrl/imu_communication)
Cleaning: (/home/guoyunkai/quadruped_robot_2023/devel/.private/hardware_ctrl/lib/hardware_ctrl/STM32_Node, /home/guoyunkai/quadruped_robot_2023/devel/lib/hardware_ctrl/STM32_Node)
Cleaning: (/home/guoyunkai/quadruped_robot_2023/devel/.private/hardware_ctrl/lib/hardware_ctrl/motor_communication, /home/guoyunkai/quadruped_robot_2023/devel/lib/hardware_ctrl/motor_communication)
Cleaning: (/home/guoyunkai/quadruped_robot_2023/devel/.private/hardware_ctrl/share/hardware_ctrl/cmake/hardware_ctrlConfig.cmake, /home/guoyunkai/quadruped_robot_2023/devel/share/hardware_ctrl/cmake/hardware_ctrlConfig.cmake)
Cleaning: (/home/guoyunkai/quadruped_robot_2023/devel/.private/hardware_ctrl/share/hardware_ctrl/cmake/hardware_ctrlConfig-version.cmake, /home/guoyunkai/quadruped_robot_2023/devel/share/hardware_ctrl/cmake/hardware_ctrlConfig-version.cmake)
Unlinking: /home/guoyunkai/quadruped_robot_2023/devel/lib/pkgconfig/hardware_ctrl.pc
Already unlinked: {}
Unlinking: /home/guoyunkai/quadruped_robot_2023/devel/lib/hardware_ctrl/dogstandup
Already unlinked: {}
Unlinking: /home/guoyunkai/quadruped_robot_2023/devel/lib/hardware_ctrl/imu_communication
Already unlinked: {}
Unlinking: /home/guoyunkai/quadruped_robot_2023/devel/lib/hardware_ctrl/STM32_Node
Already unlinked: {}
Unlinking: /home/guoyunkai/quadruped_robot_2023/devel/lib/hardware_ctrl/motor_communication
Already unlinked: {}
Unlinking: /home/guoyunkai/quadruped_robot_2023/devel/share/hardware_ctrl/cmake/hardware_ctrlConfig.cmake
Already unlinked: {}
Unlinking: /home/guoyunkai/quadruped_robot_2023/devel/share/hardware_ctrl/cmake/hardware_ctrlConfig-version.cmake
Already unlinked: {}
